TN:
SF:src\controllers\alumni.controller.js
FN:11,hashInviteToken
FN:15,buildInviteUrl
FN:19,issueInviteToken
FN:32,buildRegex
FN:36,getInstitutionType
FN:43,(anonymous_5)
FN:139,(anonymous_6)
FN:145,(anonymous_7)
FN:153,(anonymous_8)
FN:165,(anonymous_9)
FN:181,(anonymous_10)
FN:185,(anonymous_11)
FN:191,(anonymous_12)
FN:218,(anonymous_13)
FN:243,(anonymous_14)
FN:293,(anonymous_15)
FNF:16
FNH:0
FNDA:0,hashInviteToken
FNDA:0,buildInviteUrl
FNDA:0,issueInviteToken
FNDA:0,buildRegex
FNDA:0,getInstitutionType
FNDA:0,(anonymous_5)
FNDA:0,(anonymous_6)
FNDA:0,(anonymous_7)
FNDA:0,(anonymous_8)
FNDA:0,(anonymous_9)
FNDA:0,(anonymous_10)
FNDA:0,(anonymous_11)
FNDA:0,(anonymous_12)
FNDA:0,(anonymous_13)
FNDA:0,(anonymous_14)
FNDA:0,(anonymous_15)
DA:12,0
DA:16,0
DA:20,0
DA:21,0
DA:22,0
DA:23,0
DA:24,0
DA:26,0
DA:33,0
DA:37,0
DA:43,9
DA:44,0
DA:63,0
DA:64,0
DA:67,0
DA:68,0
DA:69,0
DA:70,0
DA:73,0
DA:76,0
DA:77,0
DA:78,0
DA:81,0
DA:82,0
DA:83,0
DA:84,0
DA:85,0
DA:86,0
DA:87,0
DA:90,0
DA:95,0
DA:96,0
DA:100,0
DA:101,0
DA:102,0
DA:118,0
DA:119,0
DA:120,0
DA:123,0
DA:128,0
DA:129,0
DA:132,0
DA:135,0
DA:138,0
DA:139,0
DA:143,0
DA:144,0
DA:145,0
DA:146,0
DA:151,0
DA:152,0
DA:153,0
DA:154,0
DA:155,0
DA:159,0
DA:164,0
DA:165,0
DA:166,0
DA:167,0
DA:168,0
DA:173,0
DA:175,0
DA:176,0
DA:179,0
DA:180,0
DA:181,0
DA:183,0
DA:184,0
DA:185,0
DA:186,0
DA:189,0
DA:190,0
DA:191,0
DA:192,0
DA:193,0
DA:194,0
DA:198,0
DA:199,0
DA:200,0
DA:202,0
DA:215,0
DA:218,9
DA:219,0
DA:220,0
DA:225,0
DA:226,0
DA:229,0
DA:230,0
DA:234,0
DA:236,0
DA:243,9
DA:244,0
DA:245,0
DA:249,0
DA:251,0
DA:252,0
DA:256,0
DA:259,0
DA:269,0
DA:270,0
DA:271,0
DA:275,0
DA:276,0
DA:278,0
DA:279,0
DA:283,0
DA:285,0
DA:293,9
DA:294,0
DA:295,0
DA:296,0
DA:298,0
DA:299,0
DA:300,0
DA:305,0
DA:317,0
DA:318,0
DA:320,0
DA:327,0
DA:338,0
LF:120
LH:4
BRDA:16,0,0,0
BRDA:16,0,1,0
BRDA:37,1,0,0
BRDA:37,1,1,0
BRDA:64,2,0,0
BRDA:64,2,1,0
BRDA:67,3,0,0
BRDA:67,3,1,0
BRDA:68,4,0,0
BRDA:68,4,1,0
BRDA:70,5,0,0
BRDA:70,5,1,0
BRDA:76,6,0,0
BRDA:76,6,1,0
BRDA:77,7,0,0
BRDA:77,7,1,0
BRDA:78,8,0,0
BRDA:78,8,1,0
BRDA:81,9,0,0
BRDA:81,9,1,0
BRDA:82,10,0,0
BRDA:82,10,1,0
BRDA:83,11,0,0
BRDA:83,11,1,0
BRDA:84,12,0,0
BRDA:84,12,1,0
BRDA:85,13,0,0
BRDA:85,13,1,0
BRDA:86,14,0,0
BRDA:86,14,1,0
BRDA:87,15,0,0
BRDA:87,15,1,0
BRDA:90,16,0,0
BRDA:90,16,1,0
BRDA:95,17,0,0
BRDA:95,17,1,0
BRDA:100,18,0,0
BRDA:100,18,1,0
BRDA:119,19,0,0
BRDA:119,19,1,0
BRDA:120,20,0,0
BRDA:120,20,1,0
BRDA:128,21,0,0
BRDA:128,21,1,0
BRDA:138,22,0,0
BRDA:138,22,1,0
BRDA:143,23,0,0
BRDA:143,23,1,0
BRDA:146,24,0,0
BRDA:146,24,1,0
BRDA:151,25,0,0
BRDA:151,25,1,0
BRDA:154,26,0,0
BRDA:154,26,1,0
BRDA:155,27,0,0
BRDA:155,27,1,0
BRDA:159,28,0,0
BRDA:159,28,1,0
BRDA:164,29,0,0
BRDA:164,29,1,0
BRDA:166,30,0,0
BRDA:166,30,1,0
BRDA:167,31,0,0
BRDA:167,31,1,0
BRDA:173,32,0,0
BRDA:173,32,1,0
BRDA:180,33,0,0
BRDA:180,33,1,0
BRDA:183,34,0,0
BRDA:183,34,1,0
BRDA:186,35,0,0
BRDA:186,35,1,0
BRDA:189,36,0,0
BRDA:189,36,1,0
BRDA:192,37,0,0
BRDA:192,37,1,0
BRDA:193,38,0,0
BRDA:193,38,1,0
BRDA:194,39,0,0
BRDA:194,39,1,0
BRDA:225,40,0,0
BRDA:225,40,1,0
BRDA:251,41,0,0
BRDA:251,41,1,0
BRDA:251,42,0,0
BRDA:251,42,1,0
BRDA:256,43,0,0
BRDA:256,43,1,0
BRDA:270,44,0,0
BRDA:270,44,1,0
BRDA:299,45,0,0
BRDA:299,45,1,0
BRDA:334,46,0,0
BRDA:334,46,1,0
BRDA:335,47,0,0
BRDA:335,47,1,0
BRF:96
BRH:0
end_of_record
TN:
SF:src\controllers\auth.controller.js
FN:19,(anonymous_0)
FN:57,(anonymous_1)
FN:68,(anonymous_2)
FN:114,(anonymous_3)
FN:118,(anonymous_4)
FN:151,(anonymous_5)
FNF:6
FNH:0
FNDA:0,(anonymous_0)
FNDA:0,(anonymous_1)
FNDA:0,(anonymous_2)
FNDA:0,(anonymous_3)
FNDA:0,(anonymous_4)
FNDA:0,(anonymous_5)
DA:19,9
DA:20,0
DA:21,0
DA:23,0
DA:28,0
DA:29,0
DA:32,0
DA:33,0
DA:36,0
DA:37,0
DA:38,0
DA:41,0
DA:47,0
DA:49,0
DA:57,9
DA:58,0
DA:59,0
DA:60,0
DA:61,0
DA:64,0
DA:65,0
DA:68,9
DA:69,0
DA:70,0
DA:72,0
DA:73,0
DA:76,0
DA:77,0
DA:79,0
DA:80,0
DA:82,0
DA:84,0
DA:85,0
DA:88,0
DA:89,0
DA:90,0
DA:91,0
DA:95,0
DA:96,0
DA:97,0
DA:99,0
DA:100,0
DA:101,0
DA:103,0
DA:109,0
DA:111,0
DA:114,9
DA:115,0
DA:118,9
DA:119,0
DA:120,0
DA:122,0
DA:128,0
DA:129,0
DA:132,0
DA:133,0
DA:135,0
DA:136,0
DA:137,0
DA:139,0
DA:140,0
DA:142,0
DA:148,0
DA:151,9
DA:152,0
DA:153,0
DA:155,0
DA:156,0
DA:163,0
DA:164,0
DA:167,0
DA:168,0
DA:169,0
DA:170,0
DA:171,0
DA:174,0
DA:176,0
LF:77
LH:6
BRDA:28,0,0,0
BRDA:28,0,1,0
BRDA:28,1,0,0
BRDA:28,1,1,0
BRDA:32,2,0,0
BRDA:32,2,1,0
BRDA:32,3,0,0
BRDA:32,3,1,0
BRDA:59,4,0,0
BRDA:59,4,1,0
BRDA:72,5,0,0
BRDA:72,5,1,0
BRDA:79,6,0,0
BRDA:79,6,1,0
BRDA:79,7,0,0
BRDA:79,7,1,0
BRDA:79,7,2,0
BRDA:80,8,0,0
BRDA:80,8,1,0
BRDA:89,9,0,0
BRDA:89,9,1,0
BRDA:89,10,0,0
BRDA:89,10,1,0
BRDA:128,11,0,0
BRDA:128,11,1,0
BRDA:139,12,0,0
BRDA:139,12,1,0
BRDA:163,13,0,0
BRDA:163,13,1,0
BRF:29
BRH:0
end_of_record
TN:
SF:src\controllers\mentorship.controller.js
FN:12,toIdString
FN:17,ensureArray
FN:21,getConversationParticipantIds
FN:26,(anonymous_3)
FN:42,getConversationAccessQuery
FN:52,getMessageDeliveryMetadata
FN:61,(anonymous_6)
FN:64,(anonymous_7)
FN:67,(anonymous_8)
FN:70,(anonymous_9)
FN:73,(anonymous_10)
FN:89,buildPeopleMap
FN:92,(anonymous_12)
FN:107,(anonymous_13)
FN:111,(anonymous_14)
FN:139,serializeTypingMembers
FN:141,(anonymous_16)
FN:153,buildConversationE2ee
FN:155,(anonymous_18)
FN:167,(anonymous_19)
FN:179,getCurrentUserRole
FN:187,(anonymous_21)
FN:194,(anonymous_22)
FN:200,populateConversationDocument
FN:218,serializeConversation
FN:226,(anonymous_25)
FN:229,(anonymous_26)
FN:233,(anonymous_27)
FN:274,(anonymous_28)
FN:276,(anonymous_29)
FN:287,(anonymous_30)
FN:296,(anonymous_31)
FN:299,(anonymous_32)
FN:300,(anonymous_33)
FN:312,formatMessagesForClient
FN:317,(anonymous_35)
FN:331,(anonymous_36)
FN:336,(anonymous_37)
FN:338,(anonymous_38)
FN:339,(anonymous_39)
FN:341,(anonymous_40)
FN:346,(anonymous_41)
FN:355,(anonymous_42)
FN:359,(anonymous_43)
FN:384,findAccessibleConversation
FN:393,assertDirectConversationCanSend
FN:401,findGroupConversationAsAdmin
FN:412,(anonymous_47)
FN:432,(anonymous_48)
FN:445,(anonymous_49)
FN:456,(anonymous_50)
FN:469,(anonymous_51)
FN:552,(anonymous_52)
FN:589,(anonymous_53)
FN:593,(anonymous_54)
FN:618,(anonymous_55)
FN:647,(anonymous_56)
FN:656,(anonymous_57)
FN:667,(anonymous_58)
FN:670,(anonymous_59)
FN:673,(anonymous_60)
FN:680,(anonymous_61)
FN:705,(anonymous_62)
FN:736,(anonymous_63)
FN:757,(anonymous_64)
FN:764,(anonymous_65)
FN:771,(anonymous_66)
FN:797,(anonymous_67)
FN:814,(anonymous_68)
FN:822,(anonymous_69)
FN:843,(anonymous_70)
FN:854,(anonymous_71)
FN:868,(anonymous_72)
FN:886,(anonymous_73)
FN:893,(anonymous_74)
FN:896,(anonymous_75)
FN:899,(anonymous_76)
FN:902,(anonymous_77)
FN:917,(anonymous_78)
FN:936,(anonymous_79)
FN:988,(anonymous_80)
FN:996,(anonymous_81)
FN:1005,(anonymous_82)
FN:1014,(anonymous_83)
FN:1043,(anonymous_84)
FN:1053,(anonymous_85)
FN:1057,(anonymous_86)
FN:1076,(anonymous_87)
FN:1089,(anonymous_88)
FN:1145,(anonymous_89)
FN:1171,(anonymous_90)
FN:1202,(anonymous_91)
FN:1226,(anonymous_92)
FN:1232,(anonymous_93)
FN:1240,(anonymous_94)
FN:1267,(anonymous_95)
FN:1312,(anonymous_96)
FN:1359,(anonymous_97)
FN:1389,(anonymous_98)
FN:1406,(anonymous_99)
FN:1451,(anonymous_100)
FN:1456,(anonymous_101)
FN:1460,(anonymous_102)
FN:1470,(anonymous_103)
FN:1486,(anonymous_104)
FN:1491,(anonymous_105)
FNF:106
FNH:0
FNDA:0,toIdString
FNDA:0,ensureArray
FNDA:0,getConversationParticipantIds
FNDA:0,(anonymous_3)
FNDA:0,getConversationAccessQuery
FNDA:0,getMessageDeliveryMetadata
FNDA:0,(anonymous_6)
FNDA:0,(anonymous_7)
FNDA:0,(anonymous_8)
FNDA:0,(anonymous_9)
FNDA:0,(anonymous_10)
FNDA:0,buildPeopleMap
FNDA:0,(anonymous_12)
FNDA:0,(anonymous_13)
FNDA:0,(anonymous_14)
FNDA:0,serializeTypingMembers
FNDA:0,(anonymous_16)
FNDA:0,buildConversationE2ee
FNDA:0,(anonymous_18)
FNDA:0,(anonymous_19)
FNDA:0,getCurrentUserRole
FNDA:0,(anonymous_21)
FNDA:0,(anonymous_22)
FNDA:0,populateConversationDocument
FNDA:0,serializeConversation
FNDA:0,(anonymous_25)
FNDA:0,(anonymous_26)
FNDA:0,(anonymous_27)
FNDA:0,(anonymous_28)
FNDA:0,(anonymous_29)
FNDA:0,(anonymous_30)
FNDA:0,(anonymous_31)
FNDA:0,(anonymous_32)
FNDA:0,(anonymous_33)
FNDA:0,formatMessagesForClient
FNDA:0,(anonymous_35)
FNDA:0,(anonymous_36)
FNDA:0,(anonymous_37)
FNDA:0,(anonymous_38)
FNDA:0,(anonymous_39)
FNDA:0,(anonymous_40)
FNDA:0,(anonymous_41)
FNDA:0,(anonymous_42)
FNDA:0,(anonymous_43)
FNDA:0,findAccessibleConversation
FNDA:0,assertDirectConversationCanSend
FNDA:0,findGroupConversationAsAdmin
FNDA:0,(anonymous_47)
FNDA:0,(anonymous_48)
FNDA:0,(anonymous_49)
FNDA:0,(anonymous_50)
FNDA:0,(anonymous_51)
FNDA:0,(anonymous_52)
FNDA:0,(anonymous_53)
FNDA:0,(anonymous_54)
FNDA:0,(anonymous_55)
FNDA:0,(anonymous_56)
FNDA:0,(anonymous_57)
FNDA:0,(anonymous_58)
FNDA:0,(anonymous_59)
FNDA:0,(anonymous_60)
FNDA:0,(anonymous_61)
FNDA:0,(anonymous_62)
FNDA:0,(anonymous_63)
FNDA:0,(anonymous_64)
FNDA:0,(anonymous_65)
FNDA:0,(anonymous_66)
FNDA:0,(anonymous_67)
FNDA:0,(anonymous_68)
FNDA:0,(anonymous_69)
FNDA:0,(anonymous_70)
FNDA:0,(anonymous_71)
FNDA:0,(anonymous_72)
FNDA:0,(anonymous_73)
FNDA:0,(anonymous_74)
FNDA:0,(anonymous_75)
FNDA:0,(anonymous_76)
FNDA:0,(anonymous_77)
FNDA:0,(anonymous_78)
FNDA:0,(anonymous_79)
FNDA:0,(anonymous_80)
FNDA:0,(anonymous_81)
FNDA:0,(anonymous_82)
FNDA:0,(anonymous_83)
FNDA:0,(anonymous_84)
FNDA:0,(anonymous_85)
FNDA:0,(anonymous_86)
FNDA:0,(anonymous_87)
FNDA:0,(anonymous_88)
FNDA:0,(anonymous_89)
FNDA:0,(anonymous_90)
FNDA:0,(anonymous_91)
FNDA:0,(anonymous_92)
FNDA:0,(anonymous_93)
FNDA:0,(anonymous_94)
FNDA:0,(anonymous_95)
FNDA:0,(anonymous_96)
FNDA:0,(anonymous_97)
FNDA:0,(anonymous_98)
FNDA:0,(anonymous_99)
FNDA:0,(anonymous_100)
FNDA:0,(anonymous_101)
FNDA:0,(anonymous_102)
FNDA:0,(anonymous_103)
FNDA:0,(anonymous_104)
FNDA:0,(anonymous_105)
DA:10,9
DA:13,0
DA:14,0
DA:18,0
DA:22,0
DA:23,0
DA:26,0
DA:32,0
DA:43,0
DA:53,0
DA:54,0
DA:56,0
DA:57,0
DA:60,0
DA:61,0
DA:63,0
DA:64,0
DA:66,0
DA:67,0
DA:70,0
DA:71,0
DA:73,0
DA:74,0
DA:77,0
DA:78,0
DA:79,0
DA:81,0
DA:90,0
DA:91,0
DA:92,0
DA:95,0
DA:96,0
DA:99,0
DA:106,0
DA:107,0
DA:110,0
DA:112,0
DA:113,0
DA:114,0
DA:140,0
DA:142,0
DA:143,0
DA:144,0
DA:145,0
DA:154,0
DA:156,0
DA:157,0
DA:158,0
DA:166,0
DA:167,0
DA:176,0
DA:180,0
DA:181,0
DA:182,0
DA:185,0
DA:187,0
DA:190,0
DA:193,0
DA:194,0
DA:197,0
DA:205,0
DA:215,0
DA:224,0
DA:225,0
DA:226,0
DA:227,0
DA:229,0
DA:233,0
DA:234,0
DA:236,0
DA:237,0
DA:238,0
DA:240,0
DA:250,0
DA:263,0
DA:274,0
DA:276,0
DA:288,0
DA:289,0
DA:290,0
DA:296,0
DA:299,0
DA:301,0
DA:302,0
DA:305,0
DA:307,0
DA:313,0
DA:314,0
DA:317,0
DA:322,0
DA:330,0
DA:331,0
DA:334,0
DA:336,0
DA:338,0
DA:339,0
DA:341,0
DA:344,0
DA:346,0
DA:347,0
DA:348,0
DA:349,0
DA:350,0
DA:352,0
DA:356,0
DA:357,0
DA:360,0
DA:361,0
DA:385,0
DA:386,0
DA:394,0
DA:395,0
DA:396,0
DA:398,0
DA:402,0
DA:403,0
DA:412,9
DA:413,0
DA:416,0
DA:423,0
DA:431,0
DA:433,0
DA:444,0
DA:446,0
DA:455,0
DA:457,0
DA:466,0
DA:469,9
DA:470,0
DA:471,0
DA:472,0
DA:474,0
DA:475,0
DA:480,0
DA:486,0
DA:487,0
DA:492,0
DA:502,0
DA:503,0
DA:510,0
DA:519,0
DA:529,0
DA:533,0
DA:537,0
DA:545,0
DA:549,0
DA:552,9
DA:553,0
DA:554,0
DA:555,0
DA:559,0
DA:560,0
DA:565,0
DA:572,0
DA:573,0
DA:576,0
DA:577,0
DA:578,0
DA:580,0
DA:586,0
DA:589,9
DA:590,0
DA:591,0
DA:592,0
DA:593,0
DA:594,0
DA:596,0
DA:600,0
DA:606,0
DA:607,0
DA:612,0
DA:618,0
DA:626,0
DA:627,0
DA:638,0
DA:644,0
DA:647,9
DA:648,0
DA:650,0
DA:651,0
DA:654,0
DA:655,0
DA:656,0
DA:659,0
DA:660,0
DA:665,0
DA:666,0
DA:667,0
DA:669,0
DA:670,0
DA:672,0
DA:673,0
DA:676,0
DA:677,0
DA:678,0
DA:679,0
DA:681,0
DA:682,0
DA:689,0
DA:690,0
DA:691,0
DA:693,0
DA:699,0
DA:705,9
DA:706,0
DA:707,0
DA:709,0
DA:710,0
DA:713,0
DA:716,0
DA:722,0
DA:725,0
DA:731,0
DA:733,0
DA:736,9
DA:737,0
DA:738,0
DA:739,0
DA:743,0
DA:744,0
DA:749,0
DA:750,0
DA:755,0
DA:757,0
DA:760,0
DA:763,0
DA:764,0
DA:766,0
DA:767,0
DA:769,0
DA:771,0
DA:774,0
DA:775,0
DA:777,0
DA:780,0
DA:781,0
DA:784,0
DA:785,0
DA:786,0
DA:788,0
DA:794,0
DA:797,9
DA:798,0
DA:799,0
DA:800,0
DA:802,0
DA:803,0
DA:808,0
DA:809,0
DA:812,0
DA:814,0
DA:817,0
DA:820,0
DA:821,0
DA:822,0
DA:824,0
DA:830,0
DA:831,0
DA:832,0
DA:834,0
DA:840,0
DA:843,9
DA:844,0
DA:845,0
DA:847,0
DA:848,0
DA:853,0
DA:854,0
DA:856,0
DA:857,0
DA:859,0
DA:865,0
DA:868,9
DA:869,0
DA:870,0
DA:872,0
DA:873,0
DA:878,0
DA:879,0
DA:884,0
DA:886,0
DA:889,0
DA:892,0
DA:893,0
DA:895,0
DA:896,0
DA:898,0
DA:899,0
DA:901,0
DA:902,0
DA:904,0
DA:905,0
DA:906,0
DA:908,0
DA:914,0
DA:917,9
DA:918,0
DA:920,0
DA:921,0
DA:924,0
DA:933,0
DA:936,9
DA:937,0
DA:938,0
DA:940,0
DA:942,0
DA:943,0
DA:950,0
DA:952,0
DA:955,0
DA:966,0
DA:967,0
DA:968,0
DA:979,0
DA:985,0
DA:988,9
DA:989,0
DA:991,0
DA:992,0
DA:995,0
DA:996,0
DA:1005,0
DA:1007,0
DA:1008,0
DA:1013,0
DA:1014,0
DA:1026,0
DA:1027,0
DA:1030,0
DA:1031,0
DA:1034,0
DA:1040,0
DA:1043,9
DA:1044,0
DA:1045,0
DA:1047,0
DA:1048,0
DA:1051,0
DA:1052,0
DA:1053,0
DA:1057,0
DA:1059,0
DA:1060,0
DA:1063,0
DA:1064,0
DA:1065,0
DA:1067,0
DA:1073,0
DA:1076,9
DA:1077,0
DA:1078,0
DA:1080,0
DA:1081,0
DA:1084,0
DA:1085,0
DA:1086,0
DA:1089,0
DA:1090,0
DA:1091,0
DA:1094,0
DA:1097,0
DA:1098,0
DA:1103,0
DA:1108,0
DA:1109,0
DA:1110,0
DA:1117,0
DA:1118,0
DA:1123,0
DA:1127,0
DA:1140,0
DA:1141,0
DA:1144,0
DA:1145,0
DA:1147,0
DA:1151,0
DA:1153,0
DA:1155,0
DA:1159,0
DA:1168,0
DA:1171,9
DA:1172,0
DA:1173,0
DA:1175,0
DA:1176,0
DA:1179,0
DA:1193,0
DA:1199,0
DA:1202,9
DA:1203,0
DA:1204,0
DA:1205,0
DA:1206,0
DA:1208,0
DA:1209,0
DA:1212,0
DA:1213,0
DA:1216,0
DA:1222,0
DA:1223,0
DA:1226,0
DA:1230,0
DA:1231,0
DA:1233,0
DA:1236,0
DA:1237,0
DA:1239,0
DA:1240,0
DA:1242,0
DA:1243,0
DA:1244,0
DA:1247,0
DA:1248,0
DA:1249,0
DA:1252,0
DA:1256,0
DA:1264,0
DA:1267,9
DA:1268,0
DA:1269,0
DA:1270,0
DA:1271,0
DA:1273,0
DA:1274,0
DA:1277,0
DA:1278,0
DA:1281,0
DA:1289,0
DA:1290,0
DA:1293,0
DA:1294,0
DA:1295,0
DA:1297,0
DA:1301,0
DA:1309,0
DA:1312,9
DA:1313,0
DA:1314,0
DA:1315,0
DA:1317,0
DA:1318,0
DA:1321,0
DA:1322,0
DA:1325,0
DA:1333,0
DA:1334,0
DA:1337,0
DA:1338,0
DA:1339,0
DA:1340,0
DA:1341,0
DA:1342,0
DA:1344,0
DA:1348,0
DA:1356,0
DA:1359,9
DA:1360,0
DA:1361,0
DA:1363,0
DA:1364,0
DA:1367,0
DA:1368,0
DA:1386,0
DA:1387,0
DA:1388,0
DA:1389,0
DA:1391,0
DA:1393,0
DA:1399,0
DA:1406,9
DA:1407,0
DA:1408,0
DA:1409,0
DA:1411,0
DA:1412,0
DA:1415,0
DA:1427,0
DA:1432,0
DA:1433,0
DA:1436,0
DA:1443,0
DA:1448,0
DA:1451,9
DA:1452,0
DA:1453,0
DA:1455,0
DA:1456,0
DA:1458,0
DA:1459,0
DA:1460,0
DA:1463,0
DA:1466,0
DA:1467,0
DA:1470,9
DA:1471,0
DA:1472,0
DA:1474,0
DA:1475,0
DA:1476,0
DA:1480,0
DA:1484,0
DA:1485,0
DA:1486,0
DA:1489,0
DA:1490,0
DA:1491,0
DA:1494,0
DA:1497,0
DA:1498,0
LF:509
LH:24
BRDA:13,0,0,0
BRDA:13,0,1,0
BRDA:14,1,0,0
BRDA:14,1,1,0
BRDA:14,1,2,0
BRDA:18,2,0,0
BRDA:18,2,1,0
BRDA:22,3,0,0
BRDA:22,3,1,0
BRDA:54,4,0,0
BRDA:54,4,1,0
BRDA:56,5,0,0
BRDA:56,5,1,0
BRDA:56,6,0,0
BRDA:56,6,1,0
BRDA:56,6,2,0
BRDA:78,7,0,0
BRDA:78,7,1,0
BRDA:79,8,0,0
BRDA:79,8,1,0
BRDA:89,9,0,0
BRDA:92,10,0,0
BRDA:92,10,1,0
BRDA:95,11,0,0
BRDA:95,11,1,0
BRDA:131,12,0,0
BRDA:131,12,1,0
BRDA:132,13,0,0
BRDA:132,13,1,0
BRDA:143,14,0,0
BRDA:143,14,1,0
BRDA:144,15,0,0
BRDA:144,15,1,0
BRDA:144,16,0,0
BRDA:144,16,1,0
BRDA:147,17,0,0
BRDA:147,17,1,0
BRDA:157,18,0,0
BRDA:157,18,1,0
BRDA:161,19,0,0
BRDA:161,19,1,0
BRDA:170,20,0,0
BRDA:170,20,1,0
BRDA:171,21,0,0
BRDA:171,21,1,0
BRDA:172,22,0,0
BRDA:172,22,1,0
BRDA:180,23,0,0
BRDA:180,23,1,0
BRDA:181,24,0,0
BRDA:181,24,1,0
BRDA:181,25,0,0
BRDA:181,25,1,0
BRDA:185,26,0,0
BRDA:185,26,1,0
BRDA:197,27,0,0
BRDA:197,27,1,0
BRDA:203,28,0,0
BRDA:221,29,0,0
BRDA:222,30,0,0
BRDA:250,31,0,0
BRDA:250,31,1,0
BRDA:253,32,0,0
BRDA:253,32,1,0
BRDA:254,33,0,0
BRDA:254,33,1,0
BRDA:254,33,2,0
BRDA:258,34,0,0
BRDA:258,34,1,0
BRDA:266,35,0,0
BRDA:266,35,1,0
BRDA:268,36,0,0
BRDA:268,36,1,0
BRDA:271,37,0,0
BRDA:271,37,1,0
BRDA:271,38,0,0
BRDA:271,38,1,0
BRDA:272,39,0,0
BRDA:272,39,1,0
BRDA:272,40,0,0
BRDA:272,40,1,0
BRDA:283,41,0,0
BRDA:283,41,1,0
BRDA:291,42,0,0
BRDA:291,42,1,0
BRDA:291,43,0,0
BRDA:291,43,1,0
BRDA:292,44,0,0
BRDA:292,44,1,0
BRDA:292,45,0,0
BRDA:292,45,1,0
BRDA:301,46,0,0
BRDA:301,46,1,0
BRDA:302,47,0,0
BRDA:302,47,1,0
BRDA:322,48,0,0
BRDA:322,48,1,0
BRDA:349,49,0,0
BRDA:349,49,1,0
BRDA:354,50,0,0
BRDA:354,50,1,0
BRDA:354,51,0,0
BRDA:354,51,1,0
BRDA:357,52,0,0
BRDA:357,52,1,0
BRDA:357,53,0,0
BRDA:357,53,1,0
BRDA:361,54,0,0
BRDA:361,54,1,0
BRDA:361,55,0,0
BRDA:361,55,1,0
BRDA:363,56,0,0
BRDA:363,56,1,0
BRDA:363,56,2,0
BRDA:367,57,0,0
BRDA:367,57,1,0
BRDA:369,58,0,0
BRDA:369,58,1,0
BRDA:372,59,0,0
BRDA:372,59,1,0
BRDA:373,60,0,0
BRDA:373,60,1,0
BRDA:373,60,2,0
BRDA:377,61,0,0
BRDA:377,61,1,0
BRDA:394,62,0,0
BRDA:394,62,1,0
BRDA:395,63,0,0
BRDA:395,63,1,0
BRDA:416,64,0,0
BRDA:416,64,1,0
BRDA:461,65,0,0
BRDA:461,65,1,0
BRDA:471,66,0,0
BRDA:471,66,1,0
BRDA:472,67,0,0
BRDA:472,67,1,0
BRDA:474,68,0,0
BRDA:474,68,1,0
BRDA:486,69,0,0
BRDA:486,69,1,0
BRDA:502,70,0,0
BRDA:502,70,1,0
BRDA:555,71,0,0
BRDA:555,71,1,0
BRDA:559,72,0,0
BRDA:559,72,1,0
BRDA:572,73,0,0
BRDA:572,73,1,0
BRDA:591,74,0,0
BRDA:591,74,1,0
BRDA:592,75,0,0
BRDA:592,75,1,0
BRDA:606,76,0,0
BRDA:606,76,1,0
BRDA:620,77,0,0
BRDA:620,77,1,0
BRDA:622,78,0,0
BRDA:622,78,1,0
BRDA:626,79,0,0
BRDA:626,79,1,0
BRDA:650,80,0,0
BRDA:650,80,1,0
BRDA:650,81,0,0
BRDA:650,81,1,0
BRDA:659,82,0,0
BRDA:659,82,1,0
BRDA:676,83,0,0
BRDA:676,83,1,0
BRDA:676,84,0,0
BRDA:676,84,1,0
BRDA:681,85,0,0
BRDA:681,85,1,0
BRDA:682,86,0,0
BRDA:682,86,1,0
BRDA:709,87,0,0
BRDA:709,87,1,0
BRDA:738,88,0,0
BRDA:738,88,1,0
BRDA:739,89,0,0
BRDA:739,89,1,0
BRDA:743,90,0,0
BRDA:743,90,1,0
BRDA:749,91,0,0
BRDA:749,91,1,0
BRDA:755,92,0,0
BRDA:755,92,1,0
BRDA:774,93,0,0
BRDA:774,93,1,0
BRDA:780,94,0,0
BRDA:780,94,1,0
BRDA:799,95,0,0
BRDA:799,95,1,0
BRDA:800,96,0,0
BRDA:800,96,1,0
BRDA:802,97,0,0
BRDA:802,97,1,0
BRDA:808,98,0,0
BRDA:808,98,1,0
BRDA:812,99,0,0
BRDA:812,99,1,0
BRDA:845,100,0,0
BRDA:845,100,1,0
BRDA:847,101,0,0
BRDA:847,101,1,0
BRDA:870,102,0,0
BRDA:870,102,1,0
BRDA:872,103,0,0
BRDA:872,103,1,0
BRDA:878,104,0,0
BRDA:878,104,1,0
BRDA:884,105,0,0
BRDA:884,105,1,0
BRDA:920,106,0,0
BRDA:920,106,1,0
BRDA:938,107,0,0
BRDA:938,107,1,0
BRDA:940,108,0,0
BRDA:940,108,1,0
BRDA:940,109,0,0
BRDA:940,109,1,0
BRDA:942,110,0,0
BRDA:942,110,1,0
BRDA:952,111,0,0
BRDA:952,111,1,0
BRDA:966,112,0,0
BRDA:966,112,1,0
BRDA:991,113,0,0
BRDA:991,113,1,0
BRDA:997,114,0,0
BRDA:997,114,1,0
BRDA:998,115,0,0
BRDA:998,115,1,0
BRDA:999,116,0,0
BRDA:999,116,1,0
BRDA:999,117,0,0
BRDA:999,117,1,0
BRDA:1001,118,0,0
BRDA:1001,118,1,0
BRDA:1001,119,0,0
BRDA:1001,119,1,0
BRDA:1005,120,0,0
BRDA:1005,120,1,0
BRDA:1007,121,0,0
BRDA:1007,121,1,0
BRDA:1047,122,0,0
BRDA:1047,122,1,0
BRDA:1055,123,0,0
BRDA:1055,123,1,0
BRDA:1059,124,0,0
BRDA:1059,124,1,0
BRDA:1080,125,0,0
BRDA:1080,125,1,0
BRDA:1085,126,0,0
BRDA:1085,126,1,0
BRDA:1091,127,0,0
BRDA:1091,127,1,0
BRDA:1094,128,0,0
BRDA:1094,128,1,0
BRDA:1097,129,0,0
BRDA:1097,129,1,0
BRDA:1108,130,0,0
BRDA:1108,130,1,0
BRDA:1109,131,0,0
BRDA:1109,131,1,0
BRDA:1117,132,0,0
BRDA:1117,132,1,0
BRDA:1131,133,0,0
BRDA:1131,133,1,0
BRDA:1133,134,0,0
BRDA:1133,134,1,0
BRDA:1134,135,0,0
BRDA:1134,135,1,0
BRDA:1142,136,0,0
BRDA:1142,136,1,0
BRDA:1142,137,0,0
BRDA:1142,137,1,0
BRDA:1143,138,0,0
BRDA:1143,138,1,0
BRDA:1147,139,0,0
BRDA:1147,139,1,0
BRDA:1148,140,0,0
BRDA:1148,140,1,0
BRDA:1165,141,0,0
BRDA:1165,141,1,0
BRDA:1175,142,0,0
BRDA:1175,142,1,0
BRDA:1205,143,0,0
BRDA:1205,143,1,0
BRDA:1208,144,0,0
BRDA:1208,144,1,0
BRDA:1212,145,0,0
BRDA:1212,145,1,0
BRDA:1222,146,0,0
BRDA:1222,146,1,0
BRDA:1233,147,0,0
BRDA:1233,147,1,0
BRDA:1236,148,0,0
BRDA:1236,148,1,0
BRDA:1247,149,0,0
BRDA:1247,149,1,0
BRDA:1261,150,0,0
BRDA:1261,150,1,0
BRDA:1270,151,0,0
BRDA:1270,151,1,0
BRDA:1273,152,0,0
BRDA:1273,152,1,0
BRDA:1277,153,0,0
BRDA:1277,153,1,0
BRDA:1289,154,0,0
BRDA:1289,154,1,0
BRDA:1306,155,0,0
BRDA:1306,155,1,0
BRDA:1317,156,0,0
BRDA:1317,156,1,0
BRDA:1321,157,0,0
BRDA:1321,157,1,0
BRDA:1333,158,0,0
BRDA:1333,158,1,0
BRDA:1353,159,0,0
BRDA:1353,159,1,0
BRDA:1363,160,0,0
BRDA:1363,160,1,0
BRDA:1401,161,0,0
BRDA:1401,161,1,0
BRDA:1409,162,0,0
BRDA:1411,163,0,0
BRDA:1411,163,1,0
BRDA:1432,164,0,0
BRDA:1432,164,1,0
BRDA:1458,165,0,0
BRDA:1458,165,1,0
BRDA:1475,166,0,0
BRDA:1475,166,1,0
BRDA:1475,167,0,0
BRDA:1475,167,1,0
BRDA:1480,168,0,0
BRDA:1480,168,1,0
BRDA:1489,169,0,0
BRDA:1489,169,1,0
BRF:340
BRH:0
end_of_record
TN:
SF:src\db\tenantConnectionManager.js
FN:35,sanitizeDatabaseName
FN:43,buildTenantDatabaseName
FN:54,buildTenantMongoUri
FN:78,registerTenantModels
FN:88,buildTenantPersistenceConfig
FN:100,attachTenantDatabaseContext
FN:149,getTenantModels
FNF:7
FNH:0
FNDA:0,sanitizeDatabaseName
FNDA:0,buildTenantDatabaseName
FNDA:0,buildTenantMongoUri
FNDA:0,registerTenantModels
FNDA:0,buildTenantPersistenceConfig
FNDA:0,attachTenantDatabaseContext
FNDA:0,getTenantModels
DA:17,9
DA:19,9
DA:36,0
DA:44,0
DA:46,0
DA:47,0
DA:50,0
DA:51,0
DA:55,0
DA:56,0
DA:60,0
DA:65,0
DA:67,0
DA:68,0
DA:69,0
DA:70,0
DA:73,0
DA:74,0
DA:75,0
DA:79,0
DA:81,0
DA:82,0
DA:85,0
DA:89,0
DA:90,0
DA:91,0
DA:93,0
DA:101,0
DA:102,0
DA:105,0
DA:106,0
DA:107,0
DA:108,0
DA:113,0
DA:116,0
DA:117,0
DA:119,0
DA:120,0
DA:121,0
DA:122,0
DA:125,0
DA:126,0
DA:128,0
DA:129,0
DA:135,0
DA:141,0
DA:144,0
DA:145,0
DA:146,0
DA:150,0
DA:151,0
DA:154,0
LF:52
LH:2
BRDA:35,0,0,0
BRDA:46,1,0,0
BRDA:46,1,1,0
BRDA:50,2,0,0
BRDA:50,2,1,0
BRDA:50,2,2,0
BRDA:50,2,3,0
BRDA:55,3,0,0
BRDA:55,3,1,0
BRDA:60,4,0,0
BRDA:60,4,1,0
BRDA:60,4,2,0
BRDA:60,4,3,0
BRDA:67,5,0,0
BRDA:67,5,1,0
BRDA:68,6,0,0
BRDA:70,7,0,0
BRDA:70,7,1,0
BRDA:73,8,0,0
BRDA:75,9,0,0
BRDA:75,9,1,0
BRDA:82,10,0,0
BRDA:82,10,1,0
BRDA:89,11,0,0
BRDA:89,11,1,0
BRDA:101,12,0,0
BRDA:101,12,1,0
BRDA:105,13,0,0
BRDA:105,13,1,0
BRDA:110,14,0,0
BRDA:110,14,1,0
BRDA:111,15,0,0
BRDA:111,15,1,0
BRDA:119,16,0,0
BRDA:119,16,1,0
BRDA:128,17,0,0
BRDA:128,17,1,0
BRDA:150,18,0,0
BRDA:150,18,1,0
BRF:39
BRH:0
end_of_record
TN:
SF:src\middleware\auth.middleware.js
FN:11,protect
FN:111,authorize
FN:112,(anonymous_2)
FN:125,requireTenantAccess
FNF:4
FNH:1
FNDA:0,protect
FNDA:468,authorize
FNDA:0,(anonymous_2)
FNDA:0,requireTenantAccess
DA:12,0
DA:13,0
DA:15,0
DA:18,0
DA:19,0
DA:20,0
DA:21,0
DA:24,0
DA:25,0
DA:27,0
DA:28,0
DA:29,0
DA:30,0
DA:31,0
DA:37,0
DA:38,0
DA:42,0
DA:43,0
DA:46,0
DA:52,0
DA:53,0
DA:54,0
DA:55,0
DA:56,0
DA:57,0
DA:58,0
DA:64,0
DA:65,0
DA:66,0
DA:67,0
DA:68,0
DA:69,0
DA:70,0
DA:71,0
DA:72,0
DA:77,0
DA:78,0
DA:79,0
DA:80,0
DA:83,0
DA:84,0
DA:85,0
DA:86,0
DA:89,0
DA:90,0
DA:91,0
DA:92,0
DA:93,0
DA:96,0
DA:97,0
DA:98,0
DA:99,0
DA:103,0
DA:104,0
DA:106,0
DA:107,0
DA:112,468
DA:113,0
DA:114,0
DA:117,0
DA:118,0
DA:121,0
DA:126,0
DA:127,0
DA:128,0
DA:129,0
DA:133,0
DA:134,0
DA:135,0
DA:139,0
DA:140,0
DA:141,0
DA:142,0
DA:145,0
DA:146,0
DA:150,0
DA:153,0
DA:154,0
DA:155,0
DA:156,0
DA:159,0
DA:161,0
LF:82
LH:1
BRDA:15,0,0,0
BRDA:15,0,1,0
BRDA:16,1,0,0
BRDA:16,1,1,0
BRDA:18,2,0,0
BRDA:18,2,1,0
BRDA:25,3,0,0
BRDA:25,3,1,0
BRDA:27,4,0,0
BRDA:27,4,1,0
BRDA:27,5,0,0
BRDA:27,5,1,0
BRDA:29,6,0,0
BRDA:29,6,1,0
BRDA:37,7,0,0
BRDA:37,7,1,0
BRDA:46,8,0,0
BRDA:46,8,1,0
BRDA:47,9,0,0
BRDA:47,9,1,0
BRDA:47,9,2,0
BRDA:47,9,3,0
BRDA:53,10,0,0
BRDA:53,10,1,0
BRDA:64,11,0,0
BRDA:64,11,1,0
BRDA:64,12,0,0
BRDA:64,12,1,0
BRDA:66,13,0,0
BRDA:66,13,1,0
BRDA:68,14,0,0
BRDA:68,14,1,0
BRDA:77,15,0,0
BRDA:77,15,1,0
BRDA:83,16,0,0
BRDA:83,16,1,0
BRDA:89,17,0,0
BRDA:89,17,1,0
BRDA:90,18,0,0
BRDA:90,18,1,0
BRDA:96,19,0,0
BRDA:96,19,1,0
BRDA:106,20,0,0
BRDA:106,20,1,0
BRDA:113,21,0,0
BRDA:113,21,1,0
BRDA:113,22,0,0
BRDA:113,22,1,0
BRDA:127,23,0,0
BRDA:127,23,1,0
BRDA:127,24,0,0
BRDA:127,24,1,0
BRDA:128,25,0,0
BRDA:128,25,1,0
BRDA:129,26,0,0
BRDA:129,26,1,0
BRDA:133,27,0,0
BRDA:133,27,1,0
BRDA:139,28,0,0
BRDA:139,28,1,0
BRDA:145,29,0,0
BRDA:145,29,1,0
BRDA:150,30,0,0
BRDA:150,30,1,0
BRDA:153,31,0,0
BRDA:153,31,1,0
BRDA:153,32,0,0
BRDA:153,32,1,0
BRF:68
BRH:0
end_of_record
TN:
SF:src\middleware\csrf.middleware.js
FN:3,csrfProtection
FNF:1
FNH:1
FNDA:142,csrfProtection
DA:5,142
DA:7,82
DA:8,56
DA:9,56
DA:16,82
DA:20,60
DA:21,60
DA:23,60
DA:24,0
DA:30,60
LF:10
LH:9
BRDA:5,0,0,82
BRDA:5,0,1,60
BRDA:7,1,0,56
BRDA:7,1,1,26
BRDA:23,2,0,0
BRDA:23,2,1,60
BRDA:23,3,0,60
BRDA:23,3,1,60
BRDA:23,3,2,60
BRF:9
BRH:8
end_of_record
TN:
SF:src\middleware\error.middleware.js
FN:1,notFoundHandler
FN:8,errorHandler
FN:16,(anonymous_2)
FNF:3
FNH:1
FNDA:0,notFoundHandler
FNDA:4,errorHandler
FNDA:0,(anonymous_2)
DA:2,0
DA:9,4
DA:10,4
DA:11,4
DA:13,4
DA:14,0
DA:15,0
DA:16,0
DA:19,4
DA:20,0
DA:21,0
DA:24,4
DA:25,0
DA:26,0
DA:29,4
DA:30,0
DA:31,0
DA:35,4
DA:36,4
DA:46,4
DA:47,4
DA:50,4
DA:52,4
LF:23
LH:13
BRDA:9,0,0,4
BRDA:9,0,1,0
BRDA:10,1,0,4
BRDA:10,1,1,0
BRDA:11,2,0,4
BRDA:11,2,1,2
BRDA:13,3,0,0
BRDA:13,3,1,4
BRDA:16,4,0,0
BRDA:16,4,1,0
BRDA:19,5,0,0
BRDA:19,5,1,4
BRDA:24,6,0,0
BRDA:24,6,1,4
BRDA:29,7,0,0
BRDA:29,7,1,4
BRDA:46,8,0,4
BRDA:46,8,1,0
BRDA:46,9,0,4
BRDA:46,9,1,4
BRDA:55,10,0,2
BRDA:55,10,1,2
BRDA:57,11,0,4
BRDA:57,11,1,0
BRDA:57,12,0,4
BRDA:57,12,1,4
BRF:26
BRH:16
end_of_record
TN:
SF:src\middleware\rateLimit.middleware.js
FN:70,(anonymous_0)
FNF:1
FNH:0
FNDA:0,(anonymous_0)
DA:3,9
DA:5,9
DA:15,9
DA:25,9
DA:35,9
DA:45,9
DA:55,9
DA:65,9
DA:70,0
LF:9
LH:8
BRDA:7,0,0,9
BRDA:7,0,1,0
BRDA:17,1,0,9
BRDA:17,1,1,0
BRDA:27,2,0,9
BRDA:27,2,1,0
BRDA:37,3,0,9
BRDA:37,3,1,0
BRDA:47,4,0,9
BRDA:47,4,1,0
BRDA:57,5,0,9
BRDA:57,5,1,0
BRDA:67,6,0,9
BRDA:67,6,1,0
BRF:14
BRH:7
end_of_record
TN:
SF:src\middleware\requestContext.middleware.js
FN:3,attachRequestContext
FN:13,structuredRequestLogger
FN:14,(anonymous_2)
FNF:3
FNH:3
FNDA:142,attachRequestContext
FNDA:142,structuredRequestLogger
FNDA:142,(anonymous_2)
DA:4,142
DA:6,142
DA:7,142
DA:8,142
DA:10,142
DA:14,142
DA:15,142
DA:16,142
DA:32,142
DA:35,142
LF:10
LH:10
BRDA:4,0,0,142
BRDA:4,0,1,142
BRDA:15,1,0,142
BRDA:15,1,1,0
BRDA:17,2,0,2
BRDA:17,2,1,140
BRDA:17,3,0,12
BRDA:17,3,1,128
BRDA:23,4,0,142
BRDA:23,4,1,142
BRDA:24,5,0,142
BRDA:24,5,1,118
BRDA:25,6,0,142
BRDA:25,6,1,118
BRDA:26,7,0,142
BRDA:26,7,1,142
BRDA:27,8,0,142
BRDA:27,8,1,142
BRF:18
BRH:17
end_of_record
TN:
SF:src\middleware\tenantResolver.middleware.js
FN:6,extractHost
FN:10,extractSubdomain
FN:19,isHeaderTenantOverrideAllowed
FN:27,resolveTenant
FNF:4
FNH:3
FNDA:6,extractHost
FNDA:0,extractSubdomain
FNDA:6,isHeaderTenantOverrideAllowed
FNDA:6,resolveTenant
DA:4,9
DA:7,6
DA:11,0
DA:12,0
DA:13,0
DA:16,0
DA:20,6
DA:21,6
DA:24,0
DA:28,6
DA:29,6
DA:30,6
DA:33,6
DA:36,6
DA:38,6
DA:39,6
DA:41,6
DA:48,6
DA:49,6
DA:50,6
DA:53,0
DA:61,0
DA:62,0
DA:63,0
DA:66,0
DA:68,0
LF:26
LH:15
BRDA:6,0,0,0
BRDA:12,1,0,0
BRDA:12,1,1,0
BRDA:20,2,0,6
BRDA:20,2,1,0
BRDA:30,3,0,6
BRDA:30,3,1,0
BRDA:31,4,0,6
BRDA:31,4,1,6
BRDA:33,5,0,6
BRDA:33,5,1,0
BRDA:34,6,0,6
BRDA:34,6,1,6
BRDA:38,7,0,6
BRDA:38,7,1,6
BRDA:38,8,0,0
BRDA:38,8,1,6
BRDA:39,9,0,6
BRDA:39,9,1,6
BRDA:39,10,0,0
BRDA:39,10,1,6
BRDA:43,11,0,6
BRDA:43,11,1,6
BRDA:44,12,0,6
BRDA:44,12,1,6
BRDA:45,13,0,6
BRDA:45,13,1,6
BRDA:48,14,0,6
BRDA:48,14,1,0
BRDA:55,15,0,0
BRDA:55,15,1,0
BRDA:56,16,0,0
BRDA:56,16,1,0
BRDA:61,17,0,0
BRDA:61,17,1,0
BRF:35
BRH:20
end_of_record
TN:
SF:src\middleware\validate.middleware.js
FN:1,createValidationError
FN:8,validateBody
FN:9,(anonymous_2)
FN:24,validateQuery
FN:25,(anonymous_4)
FN:40,validateParams
FN:41,(anonymous_6)
FNF:7
FNH:5
FNDA:2,createValidationError
FNDA:261,validateBody
FNDA:0,(anonymous_2)
FNDA:18,validateQuery
FNDA:0,(anonymous_4)
FNDA:459,validateParams
FNDA:6,(anonymous_6)
DA:2,2
DA:3,2
DA:4,2
DA:5,2
DA:9,261
DA:10,0
DA:11,0
DA:13,0
DA:14,0
DA:17,0
DA:19,0
DA:25,18
DA:26,0
DA:27,0
DA:29,0
DA:30,0
DA:33,0
DA:35,0
DA:41,459
DA:42,6
DA:43,6
DA:45,6
DA:46,2
DA:49,4
DA:51,2
LF:25
LH:13
BRDA:11,0,0,0
BRDA:11,0,1,0
BRDA:13,1,0,0
BRDA:13,1,1,0
BRDA:27,2,0,0
BRDA:27,2,1,0
BRDA:29,3,0,0
BRDA:29,3,1,0
BRDA:43,4,0,6
BRDA:43,4,1,0
BRDA:45,5,0,2
BRDA:45,5,1,4
BRF:12
BRH:3
end_of_record
TN:
SF:src\mock\devData.js
FN:401,findMockInstituteById
FN:402,(anonymous_1)
FN:405,buildSessionUser
FN:430,createMockStore
FN:432,(anonymous_4)
FN:433,(anonymous_5)
FN:434,(anonymous_6)
FN:435,(anonymous_7)
FN:436,(anonymous_8)
FN:437,(anonymous_9)
FN:438,(anonymous_10)
FN:439,(anonymous_11)
FN:440,(anonymous_12)
FNF:13
FNH:12
FNDA:24,findMockInstituteById
FNDA:24,(anonymous_1)
FNDA:67,buildSessionUser
FNDA:54,createMockStore
FNDA:108,(anonymous_4)
FNDA:324,(anonymous_5)
FNDA:162,(anonymous_6)
FNDA:108,(anonymous_7)
FNDA:162,(anonymous_8)
FNDA:54,(anonymous_9)
FNDA:0,(anonymous_10)
FNDA:216,(anonymous_11)
FNDA:54,(anonymous_12)
DA:1,9
DA:90,9
DA:91,9
DA:93,9
DA:156,9
DA:234,9
DA:257,9
DA:297,9
DA:311,9
DA:313,9
DA:382,9
DA:402,24
DA:406,67
DA:408,67
DA:431,54
DA:432,108
DA:433,324
DA:434,162
DA:435,108
DA:436,162
DA:437,54
DA:438,0
DA:439,216
DA:440,54
LF:24
LH:23
BRDA:402,0,0,24
BRDA:402,0,1,0
BRDA:405,1,0,24
BRDA:406,2,0,67
BRDA:406,2,1,24
BRDA:414,3,0,67
BRDA:414,3,1,0
BRF:7
BRH:5
end_of_record
TN:
SF:src\models\AlumniPost.js
FNF:0
FNH:0
DA:4,9
DA:23,9
DA:43,9
DA:101,9
LF:4
LH:4
BRF:0
BRH:0
end_of_record
TN:
SF:src\models\AlumniProfile.js
FNF:0
FNH:0
DA:4,9
DA:173,9
LF:2
LH:2
BRF:0
BRH:0
end_of_record
TN:
SF:src\models\Announcement.js
FNF:0
FNH:0
DA:4,9
DA:65,9
LF:2
LH:2
BRF:0
BRH:0
end_of_record
TN:
SF:src\models\AuditLog.js
FNF:0
FNH:0
DA:3,9
LF:1
LH:1
BRF:0
BRH:0
end_of_record
TN:
SF:src\models\BusinessListing.js
FNF:0
FNH:0
DA:3,9
DA:88,9
DA:90,9
LF:3
LH:3
BRF:0
BRH:0
end_of_record
TN:
SF:src\models\CommunityGroup.js
FNF:0
FNH:0
DA:3,9
DA:25,9
LF:2
LH:2
BRF:0
BRH:0
end_of_record
TN:
SF:src\models\Event.js
FNF:0
FNH:0
DA:4,9
DA:64,9
LF:2
LH:2
BRF:0
BRH:0
end_of_record
TN:
SF:src\models\GalleryItem.js
FNF:0
FNH:0
DA:3,9
DA:44,9
DA:46,9
LF:3
LH:3
BRF:0
BRH:0
end_of_record
TN:
SF:src\models\Institute.js
FN:135,(anonymous_0)
FN:143,(anonymous_1)
FN:156,(anonymous_2)
FNF:3
FNH:0
FNDA:0,(anonymous_0)
FNDA:0,(anonymous_1)
FNDA:0,(anonymous_2)
DA:3,9
DA:23,9
DA:75,9
DA:103,9
DA:135,0
DA:143,0
DA:156,0
LF:7
LH:4
BRF:0
BRH:0
end_of_record
TN:
SF:src\models\Job.js
FNF:0
FNH:0
DA:4,9
DA:72,9
LF:2
LH:2
BRF:0
BRH:0
end_of_record
TN:
SF:src\models\JobApplication.js
FNF:0
FNH:0
DA:3,9
DA:41,9
LF:2
LH:2
BRF:0
BRH:0
end_of_record
TN:
SF:src\models\MentorshipRequest.js
FNF:0
FNH:0
DA:4,9
DA:60,9
DA:78,9
DA:148,9
DA:165,9
DA:183,9
DA:205,9
DA:237,9
DA:315,9
LF:9
LH:9
BRF:0
BRH:0
end_of_record
TN:
SF:src\models\Notification.js
FNF:0
FNH:0
DA:3,9
LF:1
LH:1
BRF:0
BRH:0
end_of_record
TN:
SF:src\models\PortalOnboardingDraft.js
FN:18,(anonymous_0)
FNF:1
FNH:0
FNDA:0,(anonymous_0)
DA:3,9
DA:18,0
LF:2
LH:1
BRF:0
BRH:0
end_of_record
TN:
SF:src\models\RefreshToken.js
FNF:0
FNH:0
DA:3,9
DA:34,9
DA:36,9
LF:3
LH:3
BRF:0
BRH:0
end_of_record
TN:
SF:src\models\User.js
FNF:0
FNH:0
DA:4,9
DA:32,9
DA:118,9
LF:3
LH:3
BRF:0
BRH:0
end_of_record
TN:
SF:src\models\message.model.js
FNF:0
FNH:0
DA:4,9
DA:20,9
DA:28,9
DA:57,9
DA:59,9
DA:61,9
LF:6
LH:6
BRF:0
BRH:0
end_of_record
TN:
SF:src\routes\admin.routes.js
FN:21,validateInstituteId
FN:25,validateAuditLogQuery
FN:39,validateSubscriptionBody
FN:61,hashInviteToken
FN:65,buildInviteUrl
FN:69,issueInviteToken
FN:82,buildInstituteDetail
FN:99,(anonymous_7)
FN:101,(anonymous_8)
FN:129,(anonymous_9)
FN:147,(anonymous_10)
FN:149,(anonymous_11)
FN:184,(anonymous_12)
FN:194,(anonymous_13)
FN:202,(anonymous_14)
FN:232,(anonymous_15)
FN:259,(anonymous_16)
FN:280,(anonymous_17)
FN:309,(anonymous_18)
FN:323,(anonymous_19)
FN:403,(anonymous_20)
FNF:21
FNH:0
FNDA:0,validateInstituteId
FNDA:0,validateAuditLogQuery
FNDA:0,validateSubscriptionBody
FNDA:0,hashInviteToken
FNDA:0,buildInviteUrl
FNDA:0,issueInviteToken
FNDA:0,buildInstituteDetail
FNDA:0,(anonymous_7)
FNDA:0,(anonymous_8)
FNDA:0,(anonymous_9)
FNDA:0,(anonymous_10)
FNDA:0,(anonymous_11)
FNDA:0,(anonymous_12)
FNDA:0,(anonymous_13)
FNDA:0,(anonymous_14)
FNDA:0,(anonymous_15)
FNDA:0,(anonymous_16)
FNDA:0,(anonymous_17)
FNDA:0,(anonymous_18)
FNDA:0,(anonymous_19)
FNDA:0,(anonymous_20)
DA:19,9
DA:22,0
DA:26,0
DA:28,0
DA:29,0
DA:32,0
DA:33,0
DA:36,0
DA:40,0
DA:42,0
DA:43,0
DA:46,0
DA:47,0
DA:50,0
DA:51,0
DA:54,0
DA:55,0
DA:58,0
DA:62,0
DA:66,0
DA:70,0
DA:71,0
DA:72,0
DA:73,0
DA:74,0
DA:76,0
DA:83,0
DA:85,0
DA:86,0
DA:87,0
DA:88,0
DA:91,0
DA:96,0
DA:99,0
DA:101,0
DA:129,9
DA:130,0
DA:131,0
DA:132,0
DA:146,0
DA:148,0
DA:149,0
DA:182,0
DA:184,0
DA:190,0
DA:194,9
DA:195,0
DA:196,0
DA:197,0
DA:198,0
DA:203,0
DA:205,0
DA:221,0
DA:231,0
DA:232,0
DA:246,0
DA:255,0
DA:259,9
DA:260,0
DA:261,0
DA:263,0
DA:264,0
DA:267,0
DA:268,0
DA:271,0
DA:273,0
DA:279,0
DA:280,0
DA:305,0
DA:309,9
DA:310,0
DA:311,0
DA:313,0
DA:317,9
DA:324,0
DA:325,0
DA:327,0
DA:328,0
DA:329,0
DA:330,0
DA:333,0
DA:334,0
DA:335,0
DA:336,0
DA:338,0
DA:339,0
DA:340,0
DA:341,0
DA:344,0
DA:356,0
DA:358,0
DA:359,0
DA:360,0
DA:371,0
DA:372,0
DA:373,0
DA:383,0
DA:385,0
DA:398,0
DA:403,9
DA:404,0
DA:405,0
DA:407,0
DA:408,0
DA:409,0
DA:410,0
DA:413,0
DA:414,0
DA:419,0
DA:420,0
DA:421,0
DA:422,0
DA:425,0
DA:426,0
DA:427,0
DA:428,0
DA:431,0
DA:432,0
DA:434,0
DA:444,0
DA:454,0
DA:465,0
LF:122
LH:7
BRDA:22,0,0,0
BRDA:22,0,1,0
BRDA:28,1,0,0
BRDA:28,1,1,0
BRDA:28,2,0,0
BRDA:28,2,1,0
BRDA:32,3,0,0
BRDA:32,3,1,0
BRDA:32,4,0,0
BRDA:32,4,1,0
BRDA:32,4,2,0
BRDA:32,4,3,0
BRDA:42,5,0,0
BRDA:42,5,1,0
BRDA:46,6,0,0
BRDA:46,6,1,0
BRDA:50,7,0,0
BRDA:50,7,1,0
BRDA:50,8,0,0
BRDA:50,8,1,0
BRDA:50,8,2,0
BRDA:54,9,0,0
BRDA:54,9,1,0
BRDA:54,10,0,0
BRDA:54,10,1,0
BRDA:66,11,0,0
BRDA:66,11,1,0
BRDA:85,12,0,0
BRDA:85,12,1,0
BRDA:99,13,0,0
BRDA:99,13,1,0
BRDA:108,14,0,0
BRDA:108,14,1,0
BRDA:108,15,0,0
BRDA:108,15,1,0
BRDA:151,16,0,0
BRDA:151,16,1,0
BRDA:152,17,0,0
BRDA:152,17,1,0
BRDA:153,18,0,0
BRDA:153,18,1,0
BRDA:185,19,0,0
BRDA:185,19,1,0
BRDA:263,20,0,0
BRDA:263,20,1,0
BRDA:267,21,0,0
BRDA:267,21,1,0
BRDA:271,22,0,0
BRDA:271,22,1,0
BRDA:285,23,0,0
BRDA:285,23,1,0
BRDA:293,24,0,0
BRDA:293,24,1,0
BRDA:300,25,0,0
BRDA:300,25,1,0
BRDA:327,26,0,0
BRDA:327,26,1,0
BRDA:335,27,0,0
BRDA:335,27,1,0
BRDA:336,28,0,0
BRDA:336,28,1,0
BRDA:338,29,0,0
BRDA:338,29,1,0
BRDA:340,30,0,0
BRDA:340,30,1,0
BRDA:340,31,0,0
BRDA:340,31,1,0
BRDA:348,32,0,0
BRDA:348,32,1,0
BRDA:349,33,0,0
BRDA:349,33,1,0
BRDA:350,34,0,0
BRDA:350,34,1,0
BRDA:351,35,0,0
BRDA:351,35,1,0
BRDA:353,36,0,0
BRDA:353,36,1,0
BRDA:358,37,0,0
BRDA:358,37,1,0
BRDA:371,38,0,0
BRDA:371,38,1,0
BRDA:393,39,0,0
BRDA:393,39,1,0
BRDA:394,40,0,0
BRDA:394,40,1,0
BRDA:407,41,0,0
BRDA:407,41,1,0
BRDA:419,42,0,0
BRDA:419,42,1,0
BRDA:425,43,0,0
BRDA:425,43,1,0
BRDA:425,44,0,0
BRDA:425,44,1,0
BRDA:441,45,0,0
BRDA:441,45,1,0
BRF:95
BRH:0
end_of_record
TN:
SF:src\routes\alumni.routes.js
FN:15,hashInviteToken
FN:19,buildInviteUrl
FN:23,issueInviteToken
FN:36,buildRegex
FN:40,validateAlumniQuery
FN:54,validateInviteBody
FN:63,validateProfileId
FN:67,validateBulkReviewBody
FN:76,(anonymous_8)
FN:95,validateBulkResendBody
FN:103,(anonymous_10)
FN:110,validateRejectBody
FN:125,validateMentorshipLikeBody
FN:129,getTenantProfileMode
FN:133,validateInvitePayloadForTenant
FN:168,(anonymous_15)
FN:171,(anonymous_16)
FN:263,(anonymous_17)
FN:279,(anonymous_18)
FN:291,(anonymous_19)
FN:293,(anonymous_20)
FN:297,(anonymous_21)
FN:328,(anonymous_22)
FN:331,(anonymous_23)
FN:420,(anonymous_24)
FN:471,(anonymous_25)
FN:526,(anonymous_26)
FNF:27
FNH:0
FNDA:0,hashInviteToken
FNDA:0,buildInviteUrl
FNDA:0,issueInviteToken
FNDA:0,buildRegex
FNDA:0,validateAlumniQuery
FNDA:0,validateInviteBody
FNDA:0,validateProfileId
FNDA:0,validateBulkReviewBody
FNDA:0,(anonymous_8)
FNDA:0,validateBulkResendBody
FNDA:0,(anonymous_10)
FNDA:0,validateRejectBody
FNDA:0,validateMentorshipLikeBody
FNDA:0,getTenantProfileMode
FNDA:0,validateInvitePayloadForTenant
FNDA:0,(anonymous_15)
FNDA:0,(anonymous_16)
FNDA:0,(anonymous_17)
FNDA:0,(anonymous_18)
FNDA:0,(anonymous_19)
FNDA:0,(anonymous_20)
FNDA:0,(anonymous_21)
FNDA:0,(anonymous_22)
FNDA:0,(anonymous_23)
FNDA:0,(anonymous_24)
FNDA:0,(anonymous_25)
FNDA:0,(anonymous_26)
DA:13,9
DA:16,0
DA:20,0
DA:24,0
DA:25,0
DA:26,0
DA:27,0
DA:28,0
DA:30,0
DA:37,0
DA:41,0
DA:43,0
DA:44,0
DA:47,0
DA:48,0
DA:51,0
DA:55,0
DA:57,0
DA:58,0
DA:60,0
DA:64,0
DA:68,0
DA:69,0
DA:70,0
DA:72,0
DA:73,0
DA:76,0
DA:77,0
DA:80,0
DA:81,0
DA:84,0
DA:85,0
DA:88,0
DA:89,0
DA:92,0
DA:96,0
DA:97,0
DA:99,0
DA:100,0
DA:103,0
DA:104,0
DA:107,0
DA:111,0
DA:112,0
DA:114,0
DA:115,0
DA:118,0
DA:119,0
DA:122,0
DA:126,0
DA:130,0
DA:134,0
DA:135,0
DA:137,0
DA:138,0
DA:139,0
DA:141,0
DA:142,0
DA:145,0
DA:155,9
DA:156,9
DA:157,9
DA:158,9
DA:162,9
DA:169,0
DA:170,0
DA:171,0
DA:172,0
DA:177,0
DA:178,0
DA:179,0
DA:180,0
DA:183,0
DA:184,0
DA:185,0
DA:187,0
DA:188,0
DA:189,0
DA:190,0
DA:193,0
DA:194,0
DA:195,0
DA:198,0
DA:199,0
DA:200,0
DA:203,0
DA:204,0
DA:205,0
DA:207,0
DA:217,0
DA:218,0
DA:221,0
DA:223,0
DA:227,0
DA:229,0
DA:240,0
DA:253,0
DA:258,9
DA:264,0
DA:265,0
DA:266,0
DA:278,0
DA:280,0
DA:281,0
DA:285,0
DA:286,0
DA:289,0
DA:291,0
DA:293,0
DA:294,0
DA:296,0
DA:297,0
DA:300,0
DA:310,0
DA:317,0
DA:322,9
DA:329,0
DA:330,0
DA:331,0
DA:332,0
DA:333,0
DA:334,0
DA:339,0
DA:340,0
DA:341,0
DA:342,0
DA:345,0
DA:346,0
DA:348,0
DA:349,0
DA:350,0
DA:351,0
DA:354,0
DA:355,0
DA:356,0
DA:357,0
DA:360,0
DA:361,0
DA:362,0
DA:363,0
DA:364,0
DA:365,0
DA:368,0
DA:369,0
DA:370,0
DA:373,0
DA:374,0
DA:375,0
DA:376,0
DA:377,0
DA:378,0
DA:379,0
DA:380,0
DA:381,0
DA:384,0
DA:386,0
DA:396,0
DA:409,0
DA:414,9
DA:421,0
DA:422,0
DA:423,0
DA:428,0
DA:429,0
DA:430,0
DA:431,0
DA:434,0
DA:435,0
DA:436,0
DA:437,0
DA:440,0
DA:441,0
DA:442,0
DA:443,0
DA:445,0
DA:449,0
DA:459,0
DA:464,9
DA:472,0
DA:473,0
DA:474,0
DA:475,0
DA:480,0
DA:481,0
DA:482,0
DA:483,0
DA:486,0
DA:487,0
DA:488,0
DA:489,0
DA:492,0
DA:493,0
DA:494,0
DA:495,0
DA:496,0
DA:497,0
DA:498,0
DA:499,0
DA:501,0
DA:505,0
DA:516,0
DA:521,9
DA:527,0
DA:528,0
DA:529,0
DA:535,0
DA:537,0
LF:207
LH:11
BRDA:20,0,0,0
BRDA:20,0,1,0
BRDA:43,1,0,0
BRDA:43,1,1,0
BRDA:43,2,0,0
BRDA:43,2,1,0
BRDA:47,3,0,0
BRDA:47,3,1,0
BRDA:47,4,0,0
BRDA:47,4,1,0
BRDA:57,5,0,0
BRDA:57,5,1,0
BRDA:58,6,0,0
BRDA:58,6,1,0
BRDA:64,7,0,0
BRDA:64,7,1,0
BRDA:69,8,0,0
BRDA:69,8,1,0
BRDA:70,9,0,0
BRDA:70,9,1,0
BRDA:72,10,0,0
BRDA:72,10,1,0
BRDA:76,11,0,0
BRDA:76,11,1,0
BRDA:80,12,0,0
BRDA:80,12,1,0
BRDA:84,13,0,0
BRDA:84,13,1,0
BRDA:84,14,0,0
BRDA:84,14,1,0
BRDA:88,15,0,0
BRDA:88,15,1,0
BRDA:97,16,0,0
BRDA:97,16,1,0
BRDA:99,17,0,0
BRDA:99,17,1,0
BRDA:103,18,0,0
BRDA:103,18,1,0
BRDA:112,19,0,0
BRDA:112,19,1,0
BRDA:114,20,0,0
BRDA:114,20,1,0
BRDA:118,21,0,0
BRDA:118,21,1,0
BRDA:126,22,0,0
BRDA:126,22,1,0
BRDA:126,23,0,0
BRDA:126,23,1,0
BRDA:126,23,2,0
BRDA:130,24,0,0
BRDA:130,24,1,0
BRDA:137,25,0,0
BRDA:137,25,1,0
BRDA:138,26,0,0
BRDA:138,26,1,0
BRDA:139,27,0,0
BRDA:139,27,1,0
BRDA:141,28,0,0
BRDA:141,28,1,0
BRDA:142,29,0,0
BRDA:142,29,1,0
BRDA:177,30,0,0
BRDA:177,30,1,0
BRDA:188,31,0,0
BRDA:188,31,1,0
BRDA:193,32,0,0
BRDA:193,32,1,0
BRDA:198,33,0,0
BRDA:198,33,1,0
BRDA:198,34,0,0
BRDA:198,34,1,0
BRDA:213,35,0,0
BRDA:213,35,1,0
BRDA:214,36,0,0
BRDA:214,36,1,0
BRDA:217,37,0,0
BRDA:217,37,1,0
BRDA:230,38,0,0
BRDA:230,38,1,0
BRDA:280,39,0,0
BRDA:280,39,1,0
BRDA:281,40,0,0
BRDA:281,40,1,0
BRDA:285,41,0,0
BRDA:285,41,1,0
BRDA:285,42,0,0
BRDA:285,42,1,0
BRDA:285,42,2,0
BRDA:296,43,0,0
BRDA:296,43,1,0
BRDA:300,44,0,0
BRDA:300,44,1,0
BRDA:303,45,0,0
BRDA:303,45,1,0
BRDA:333,46,0,0
BRDA:333,46,1,0
BRDA:339,47,0,0
BRDA:339,47,1,0
BRDA:349,48,0,0
BRDA:349,48,1,0
BRDA:354,49,0,0
BRDA:354,49,1,0
BRDA:355,50,0,0
BRDA:355,50,1,0
BRDA:368,51,0,0
BRDA:368,51,1,0
BRDA:384,52,0,0
BRDA:384,52,1,0
BRDA:387,53,0,0
BRDA:387,53,1,0
BRDA:397,54,0,0
BRDA:397,54,1,0
BRDA:405,55,0,0
BRDA:405,55,1,0
BRDA:428,56,0,0
BRDA:428,56,1,0
BRDA:428,57,0,0
BRDA:428,57,1,0
BRDA:434,58,0,0
BRDA:434,58,1,0
BRDA:474,59,0,0
BRDA:474,59,1,0
BRDA:480,60,0,0
BRDA:480,60,1,0
BRDA:480,61,0,0
BRDA:480,61,1,0
BRDA:486,62,0,0
BRDA:486,62,1,0
BRF:128
BRH:0
end_of_record
TN:
SF:src\routes\alumniPost.routes.js
FN:13,validatePostBody
FN:27,validateCommentBody
FN:31,validateReportBody
FN:35,validatePostId
FN:39,buildProfileMap
FN:41,(anonymous_5)
FN:52,(anonymous_6)
FN:55,buildAuthorPayload
FN:64,(anonymous_8)
FN:77,(anonymous_9)
FN:82,(anonymous_10)
FN:91,(anonymous_11)
FN:100,formatPost
FN:106,(anonymous_13)
FN:122,(anonymous_14)
FN:123,(anonymous_15)
FN:127,(anonymous_16)
FN:128,(anonymous_17)
FN:137,(anonymous_18)
FN:146,(anonymous_19)
FN:156,(anonymous_20)
FN:169,(anonymous_21)
FN:193,(anonymous_22)
FN:218,(anonymous_23)
FN:246,(anonymous_24)
FN:262,(anonymous_25)
FN:306,(anonymous_26)
FN:360,(anonymous_27)
FN:381,(anonymous_28)
FN:407,(anonymous_29)
FNF:30
FNH:0
FNDA:0,validatePostBody
FNDA:0,validateCommentBody
FNDA:0,validateReportBody
FNDA:0,validatePostId
FNDA:0,buildProfileMap
FNDA:0,(anonymous_5)
FNDA:0,(anonymous_6)
FNDA:0,buildAuthorPayload
FNDA:0,(anonymous_8)
FNDA:0,(anonymous_9)
FNDA:0,(anonymous_10)
FNDA:0,(anonymous_11)
FNDA:0,formatPost
FNDA:0,(anonymous_13)
FNDA:0,(anonymous_14)
FNDA:0,(anonymous_15)
FNDA:0,(anonymous_16)
FNDA:0,(anonymous_17)
FNDA:0,(anonymous_18)
FNDA:0,(anonymous_19)
FNDA:0,(anonymous_20)
FNDA:0,(anonymous_21)
FNDA:0,(anonymous_22)
FNDA:0,(anonymous_23)
FNDA:0,(anonymous_24)
FNDA:0,(anonymous_25)
FNDA:0,(anonymous_26)
FNDA:0,(anonymous_27)
FNDA:0,(anonymous_28)
FNDA:0,(anonymous_29)
DA:11,9
DA:14,0
DA:16,0
DA:17,0
DA:20,0
DA:21,0
DA:24,0
DA:28,0
DA:32,0
DA:36,0
DA:40,0
DA:41,0
DA:43,0
DA:44,0
DA:47,0
DA:52,0
DA:56,0
DA:57,0
DA:64,0
DA:76,9
DA:78,0
DA:79,0
DA:80,0
DA:83,0
DA:84,0
DA:88,9
DA:92,0
DA:93,0
DA:95,0
DA:101,0
DA:106,0
DA:107,0
DA:108,0
DA:109,0
DA:111,0
DA:122,0
DA:123,0
DA:127,0
DA:129,0
DA:130,0
DA:137,0
DA:146,9
DA:147,0
DA:148,0
DA:149,0
DA:156,0
DA:157,0
DA:159,0
DA:163,9
DA:170,0
DA:171,0
DA:172,0
DA:180,0
DA:182,0
DA:187,9
DA:194,0
DA:195,0
DA:196,0
DA:199,0
DA:200,0
DA:207,0
DA:212,9
DA:219,0
DA:220,0
DA:221,0
DA:227,0
DA:228,0
DA:229,0
DA:230,0
DA:233,0
DA:235,0
DA:240,9
DA:247,0
DA:248,0
DA:249,0
DA:255,0
DA:256,0
DA:257,0
DA:258,0
DA:261,0
DA:262,0
DA:264,0
DA:266,0
DA:267,0
DA:269,0
DA:272,0
DA:274,0
DA:275,0
DA:292,0
DA:294,0
DA:299,9
DA:307,0
DA:308,0
DA:309,0
DA:315,0
DA:316,0
DA:317,0
DA:318,0
DA:321,0
DA:326,0
DA:328,0
DA:329,0
DA:346,0
DA:348,0
DA:353,9
DA:361,0
DA:362,0
DA:363,0
DA:369,0
DA:370,0
DA:371,0
DA:372,0
DA:375,0
DA:376,0
DA:377,0
DA:378,0
DA:381,0
DA:383,0
DA:384,0
DA:385,0
DA:387,0
DA:393,0
DA:394,0
DA:396,0
DA:401,9
DA:408,0
DA:409,0
DA:410,0
DA:415,0
DA:416,0
DA:417,0
DA:418,0
DA:421,0
DA:422,0
DA:424,0
DA:425,0
DA:426,0
DA:427,0
DA:430,0
DA:432,0
DA:434,0
LF:141
LH:11
BRDA:16,0,0,0
BRDA:16,0,1,0
BRDA:20,1,0,0
BRDA:20,1,1,0
BRDA:20,2,0,0
BRDA:20,2,1,0
BRDA:28,3,0,0
BRDA:28,3,1,0
BRDA:32,4,0,0
BRDA:32,4,1,0
BRDA:36,5,0,0
BRDA:36,5,1,0
BRDA:43,6,0,0
BRDA:43,6,1,0
BRDA:56,7,0,0
BRDA:56,7,1,0
BRDA:60,8,0,0
BRDA:60,8,1,0
BRDA:67,9,0,0
BRDA:67,9,1,0
BRDA:67,9,2,0
BRDA:68,10,0,0
BRDA:68,10,1,0
BRDA:68,10,2,0
BRDA:69,11,0,0
BRDA:69,11,1,0
BRDA:69,11,2,0
BRDA:70,12,0,0
BRDA:70,12,1,0
BRDA:70,12,2,0
BRDA:71,13,0,0
BRDA:71,13,1,0
BRDA:92,14,0,0
BRDA:92,14,1,0
BRDA:106,15,0,0
BRDA:106,15,1,0
BRDA:106,16,0,0
BRDA:106,16,1,0
BRDA:107,17,0,0
BRDA:107,17,1,0
BRDA:109,18,0,0
BRDA:109,18,1,0
BRDA:109,18,2,0
BRDA:114,19,0,0
BRDA:114,19,1,0
BRDA:124,20,0,0
BRDA:124,20,1,0
BRDA:129,21,0,0
BRDA:129,21,1,0
BRDA:129,21,2,0
BRDA:137,22,0,0
BRDA:137,22,1,0
BRDA:175,23,0,0
BRDA:175,23,1,0
BRDA:177,24,0,0
BRDA:177,24,1,0
BRDA:195,25,0,0
BRDA:195,25,1,0
BRDA:227,26,0,0
BRDA:227,26,1,0
BRDA:255,27,0,0
BRDA:255,27,1,0
BRDA:266,28,0,0
BRDA:266,28,1,0
BRDA:274,29,0,0
BRDA:274,29,1,0
BRDA:274,30,0,0
BRDA:274,30,1,0
BRDA:282,31,0,0
BRDA:282,31,1,0
BRDA:287,32,0,0
BRDA:287,32,1,0
BRDA:315,33,0,0
BRDA:315,33,1,0
BRDA:328,34,0,0
BRDA:328,34,1,0
BRDA:341,35,0,0
BRDA:341,35,1,0
BRDA:369,36,0,0
BRDA:369,36,1,0
BRDA:375,37,0,0
BRDA:375,37,1,0
BRDA:383,38,0,0
BRDA:383,38,1,0
BRDA:415,39,0,0
BRDA:415,39,1,0
BRDA:424,40,0,0
BRDA:424,40,1,0
BRDA:424,41,0,0
BRDA:424,41,1,0
BRF:90
BRH:0
end_of_record
TN:
SF:src\routes\announcement.routes.js
FN:11,validateAnnouncementBody
FN:27,validateAnnouncementId
FN:31,(anonymous_2)
FN:57,(anonymous_3)
FN:99,(anonymous_4)
FN:147,(anonymous_5)
FNF:6
FNH:0
FNDA:0,validateAnnouncementBody
FNDA:0,validateAnnouncementId
FNDA:0,(anonymous_2)
FNDA:0,(anonymous_3)
FNDA:0,(anonymous_4)
FNDA:0,(anonymous_5)
DA:9,9
DA:12,0
DA:13,0
DA:14,0
DA:15,0
DA:16,0
DA:18,0
DA:19,0
DA:21,0
DA:22,0
DA:24,0
DA:28,0
DA:31,9
DA:32,0
DA:33,0
DA:34,0
DA:35,0
DA:36,0
DA:39,0
DA:40,0
DA:42,0
DA:45,0
DA:46,0
DA:48,0
DA:52,9
DA:58,0
DA:59,0
DA:62,0
DA:63,0
DA:64,0
DA:66,0
DA:67,0
DA:68,0
DA:72,0
DA:73,0
DA:86,0
DA:88,0
DA:93,9
DA:100,0
DA:101,0
DA:102,0
DA:107,0
DA:108,0
DA:109,0
DA:110,0
DA:113,0
DA:114,0
DA:134,0
DA:136,0
DA:141,9
DA:148,0
DA:149,0
DA:150,0
DA:155,0
DA:156,0
DA:157,0
DA:158,0
DA:161,0
DA:163,0
DA:165,0
LF:60
LH:5
BRDA:13,0,0,0
BRDA:13,0,1,0
BRDA:14,1,0,0
BRDA:14,1,1,0
BRDA:15,2,0,0
BRDA:15,2,1,0
BRDA:15,3,0,0
BRDA:15,3,1,0
BRDA:15,3,2,0
BRDA:18,4,0,0
BRDA:18,4,1,0
BRDA:18,5,0,0
BRDA:18,5,1,0
BRDA:18,5,2,0
BRDA:21,6,0,0
BRDA:21,6,1,0
BRDA:21,7,0,0
BRDA:21,7,1,0
BRDA:21,7,2,0
BRDA:28,8,0,0
BRDA:28,8,1,0
BRDA:35,9,0,0
BRDA:35,9,1,0
BRDA:39,10,0,0
BRDA:39,10,1,0
BRDA:62,11,0,0
BRDA:62,11,1,0
BRDA:63,12,0,0
BRDA:63,12,1,0
BRDA:67,13,0,0
BRDA:67,13,1,0
BRDA:67,14,0,0
BRDA:67,14,1,0
BRDA:72,15,0,0
BRDA:72,15,1,0
BRDA:75,16,0,0
BRDA:75,16,1,0
BRDA:77,17,0,0
BRDA:77,17,1,0
BRDA:78,18,0,0
BRDA:78,18,1,0
BRDA:79,19,0,0
BRDA:79,19,1,0
BRDA:82,20,0,0
BRDA:82,20,1,0
BRDA:107,21,0,0
BRDA:107,21,1,0
BRDA:113,22,0,0
BRDA:113,22,1,0
BRDA:120,23,0,0
BRDA:120,23,1,0
BRDA:121,24,0,0
BRDA:121,24,1,0
BRDA:122,25,0,0
BRDA:122,25,1,0
BRDA:123,26,0,0
BRDA:123,26,1,0
BRDA:124,27,0,0
BRDA:124,27,1,0
BRDA:127,28,0,0
BRDA:127,28,1,0
BRDA:128,29,0,0
BRDA:128,29,1,0
BRDA:155,30,0,0
BRDA:155,30,1,0
BRF:65
BRH:0
end_of_record
TN:
SF:src\routes\auth.routes.js
FN:28,hashInviteToken
FN:32,buildInviteUrl
FN:36,issueInviteToken
FN:49,getEmailDomain
FN:54,isDomainLike
FN:58,getAutoApprovalDomains
FN:65,(anonymous_6)
FN:66,(anonymous_7)
FN:71,isObject
FN:75,getFrontendBaseUrl
FN:79,getOAuthRedirectUri
FN:89,encodeCookiePayload
FN:93,decodeCookiePayload
FN:105,setCookiePayload
FN:112,getCookiePayload
FN:116,clearCookiePayload
FN:125,clearOAuthState
FN:129,clearOAuthPendingSession
FN:133,validateLoginBody
FN:147,validateAlumniRegistrationBody
FN:209,validateSetupPasswordBody
FN:223,validateInviteParams
FN:233,validateOAuthProvider
FN:237,formatUserSession
FN:257,getRequestUserModel
FN:265,getProviderConfig
FN:293,assertProviderConfigured
FN:305,buildOAuthAuthorizationUrl
FN:323,exchangeOAuthCode
FN:349,fetchOAuthProfile
FN:387,resolveInstituteFromState
FN:404,getTenantUserContext
FN:417,normalizeOAuthAccounts
FN:421,linkOAuthAccount
FN:423,(anonymous_34)
FN:441,userHasProviderLinked
FN:443,(anonymous_36)
FN:447,findUserByOAuthOrEmail
FN:464,loadUserForOAuthLogin
FN:485,ensureUserCanLogin
FN:511,buildFrontendUrl
FN:514,(anonymous_41)
FN:523,redirectWithError
FN:535,(anonymous_43)
FN:555,(anonymous_44)
FN:560,(anonymous_45)
FN:581,(anonymous_46)
FN:662,(anonymous_47)
FN:789,(anonymous_48)
FN:816,(anonymous_49)
FNF:50
FNH:16
FNDA:0,hashInviteToken
FNDA:0,buildInviteUrl
FNDA:0,issueInviteToken
FNDA:0,getEmailDomain
FNDA:0,isDomainLike
FNDA:0,getAutoApprovalDomains
FNDA:0,(anonymous_6)
FNDA:0,(anonymous_7)
FNDA:0,isObject
FNDA:2,getFrontendBaseUrl
FNDA:0,getOAuthRedirectUri
FNDA:2,encodeCookiePayload
FNDA:2,decodeCookiePayload
FNDA:2,setCookiePayload
FNDA:2,getCookiePayload
FNDA:2,clearCookiePayload
FNDA:2,clearOAuthState
FNDA:0,clearOAuthPendingSession
FNDA:0,validateLoginBody
FNDA:0,validateAlumniRegistrationBody
FNDA:0,validateSetupPasswordBody
FNDA:0,validateInviteParams
FNDA:6,validateOAuthProvider
FNDA:0,formatUserSession
FNDA:0,getRequestUserModel
FNDA:2,getProviderConfig
FNDA:2,assertProviderConfigured
FNDA:2,buildOAuthAuthorizationUrl
FNDA:0,exchangeOAuthCode
FNDA:0,fetchOAuthProfile
FNDA:0,resolveInstituteFromState
FNDA:0,getTenantUserContext
FNDA:0,normalizeOAuthAccounts
FNDA:0,linkOAuthAccount
FNDA:0,(anonymous_34)
FNDA:0,userHasProviderLinked
FNDA:0,(anonymous_36)
FNDA:0,findUserByOAuthOrEmail
FNDA:0,loadUserForOAuthLogin
FNDA:0,ensureUserCanLogin
FNDA:2,buildFrontendUrl
FNDA:2,(anonymous_41)
FNDA:2,redirectWithError
FNDA:0,(anonymous_43)
FNDA:0,(anonymous_44)
FNDA:2,(anonymous_45)
FNDA:2,(anonymous_46)
FNDA:0,(anonymous_47)
FNDA:0,(anonymous_48)
FNDA:0,(anonymous_49)
DA:22,9
DA:23,9
DA:24,9
DA:25,9
DA:29,0
DA:33,0
DA:37,0
DA:38,0
DA:39,0
DA:40,0
DA:41,0
DA:43,0
DA:50,0
DA:51,0
DA:55,0
DA:59,0
DA:63,0
DA:64,0
DA:65,0
DA:66,0
DA:68,0
DA:72,0
DA:76,2
DA:80,0
DA:82,0
DA:83,0
DA:86,0
DA:90,2
DA:94,2
DA:95,2
DA:98,0
DA:99,0
DA:101,0
DA:106,2
DA:113,2
DA:117,2
DA:126,2
DA:130,0
DA:134,0
DA:136,0
DA:137,0
DA:140,0
DA:141,0
DA:144,0
DA:148,0
DA:150,0
DA:151,0
DA:154,0
DA:155,0
DA:158,0
DA:159,0
DA:162,0
DA:163,0
DA:166,0
DA:167,0
DA:170,0
DA:171,0
DA:174,0
DA:175,0
DA:178,0
DA:179,0
DA:182,0
DA:183,0
DA:186,0
DA:187,0
DA:190,0
DA:191,0
DA:194,0
DA:195,0
DA:198,0
DA:199,0
DA:202,0
DA:203,0
DA:206,0
DA:210,0
DA:212,0
DA:213,0
DA:216,0
DA:217,0
DA:220,0
DA:224,0
DA:226,0
DA:227,0
DA:230,0
DA:234,6
DA:238,0
DA:258,0
DA:259,0
DA:262,0
DA:266,2
DA:267,1
DA:277,1
DA:278,1
DA:288,0
DA:289,0
DA:290,0
DA:294,2
DA:296,2
DA:297,2
DA:298,2
DA:299,2
DA:302,0
DA:306,2
DA:307,0
DA:309,0
DA:310,0
DA:311,0
DA:312,0
DA:313,0
DA:315,0
DA:316,0
DA:317,0
DA:320,0
DA:324,0
DA:325,0
DA:339,0
DA:340,0
DA:341,0
DA:342,0
DA:343,0
DA:346,0
DA:350,0
DA:351,0
DA:357,0
DA:358,0
DA:359,0
DA:360,0
DA:361,0
DA:364,0
DA:365,0
DA:366,0
DA:367,0
DA:369,0
DA:370,0
DA:371,0
DA:372,0
DA:375,0
DA:388,0
DA:389,0
DA:391,0
DA:392,0
DA:395,0
DA:405,0
DA:406,0
DA:409,0
DA:410,0
DA:411,0
DA:418,0
DA:422,0
DA:423,0
DA:425,0
DA:426,0
DA:427,0
DA:428,0
DA:430,0
DA:438,0
DA:442,0
DA:443,0
DA:448,0
DA:457,0
DA:458,0
DA:461,0
DA:465,0
DA:466,0
DA:467,0
DA:469,0
DA:470,0
DA:473,0
DA:476,0
DA:478,0
DA:479,0
DA:482,0
DA:486,0
DA:487,0
DA:488,0
DA:489,0
DA:492,0
DA:493,0
DA:494,0
DA:495,0
DA:498,0
DA:499,0
DA:500,0
DA:501,0
DA:504,0
DA:505,0
DA:506,0
DA:507,0
DA:512,2
DA:514,2
DA:515,2
DA:516,2
DA:520,2
DA:524,2
DA:528,9
DA:529,9
DA:530,9
DA:531,9
DA:532,9
DA:533,9
DA:535,9
DA:536,0
DA:538,0
DA:555,9
DA:556,0
DA:557,0
DA:560,9
DA:561,2
DA:562,2
DA:563,2
DA:564,2
DA:565,2
DA:574,2
DA:575,2
DA:577,2
DA:581,9
DA:582,2
DA:583,2
DA:584,2
DA:586,2
DA:587,2
DA:588,2
DA:589,2
DA:592,0
DA:594,0
DA:595,0
DA:596,0
DA:599,0
DA:600,0
DA:602,0
DA:603,0
DA:616,0
DA:617,0
DA:620,0
DA:621,0
DA:623,0
DA:624,0
DA:637,0
DA:642,0
DA:645,0
DA:646,0
DA:647,0
DA:650,0
DA:652,0
DA:653,0
DA:654,0
DA:656,0
DA:658,0
DA:662,9
DA:663,0
DA:664,0
DA:666,0
DA:667,0
DA:668,0
DA:669,0
DA:672,0
DA:673,0
DA:674,0
DA:675,0
DA:676,0
DA:678,0
DA:679,0
DA:680,0
DA:681,0
DA:684,0
DA:685,0
DA:686,0
DA:688,0
DA:690,0
DA:695,0
DA:696,0
DA:697,0
DA:698,0
DA:702,0
DA:714,0
DA:719,0
DA:732,0
DA:734,0
DA:761,0
DA:762,0
DA:763,0
DA:765,0
DA:776,0
DA:778,0
DA:785,0
DA:789,9
DA:790,0
DA:791,0
DA:792,0
DA:794,0
DA:799,0
DA:800,0
DA:801,0
DA:802,0
DA:805,0
DA:812,0
DA:816,9
DA:817,0
DA:818,0
DA:819,0
DA:821,0
DA:822,0
DA:823,0
DA:824,0
DA:827,0
DA:828,0
DA:833,0
DA:834,0
DA:835,0
DA:836,0
DA:839,0
DA:840,0
DA:841,0
DA:842,0
DA:843,0
DA:845,0
DA:847,0
DA:848,0
DA:851,0
DA:852,0
DA:854,0
DA:855,0
DA:857,0
DA:860,0
DA:869,0
LF:325
LH:57
BRDA:33,0,0,0
BRDA:33,0,1,0
BRDA:50,1,0,0
BRDA:50,2,0,0
BRDA:50,2,1,0
BRDA:59,3,0,0
BRDA:59,3,1,0
BRDA:63,4,0,0
BRDA:63,4,1,0
BRDA:63,5,0,0
BRDA:63,5,1,0
BRDA:65,6,0,0
BRDA:65,6,1,0
BRDA:66,7,0,0
BRDA:66,7,1,0
BRDA:72,8,0,0
BRDA:72,8,1,0
BRDA:72,8,2,0
BRDA:76,9,0,2
BRDA:76,9,1,0
BRDA:82,10,0,0
BRDA:82,10,1,0
BRDA:86,11,0,0
BRDA:86,11,1,0
BRDA:94,12,0,2
BRDA:94,12,1,0
BRDA:105,13,0,2
BRDA:136,14,0,0
BRDA:136,14,1,0
BRDA:140,15,0,0
BRDA:140,15,1,0
BRDA:150,16,0,0
BRDA:150,16,1,0
BRDA:154,17,0,0
BRDA:154,17,1,0
BRDA:154,18,0,0
BRDA:154,18,1,0
BRDA:158,19,0,0
BRDA:158,19,1,0
BRDA:162,20,0,0
BRDA:162,20,1,0
BRDA:166,21,0,0
BRDA:166,21,1,0
BRDA:170,22,0,0
BRDA:170,22,1,0
BRDA:174,23,0,0
BRDA:174,23,1,0
BRDA:178,24,0,0
BRDA:178,24,1,0
BRDA:182,25,0,0
BRDA:182,25,1,0
BRDA:186,26,0,0
BRDA:186,26,1,0
BRDA:190,27,0,0
BRDA:190,27,1,0
BRDA:194,28,0,0
BRDA:194,28,1,0
BRDA:198,29,0,0
BRDA:198,29,1,0
BRDA:202,30,0,0
BRDA:202,30,1,0
BRDA:212,31,0,0
BRDA:212,31,1,0
BRDA:216,32,0,0
BRDA:216,32,1,0
BRDA:226,33,0,0
BRDA:226,33,1,0
BRDA:234,34,0,4
BRDA:234,34,1,2
BRDA:244,35,0,0
BRDA:244,35,1,0
BRDA:249,36,0,0
BRDA:249,36,1,0
BRDA:250,37,0,0
BRDA:250,37,1,0
BRDA:258,38,0,0
BRDA:258,38,1,0
BRDA:266,39,0,1
BRDA:266,39,1,1
BRDA:268,40,0,1
BRDA:268,40,1,1
BRDA:269,41,0,1
BRDA:269,41,1,1
BRDA:277,42,0,1
BRDA:277,42,1,0
BRDA:279,43,0,1
BRDA:279,43,1,1
BRDA:280,44,0,1
BRDA:280,44,1,1
BRDA:296,45,0,2
BRDA:296,45,1,0
BRDA:296,46,0,2
BRDA:296,46,1,0
BRDA:315,47,0,0
BRDA:315,47,1,0
BRDA:339,48,0,0
BRDA:339,48,1,0
BRDA:341,49,0,0
BRDA:341,49,1,0
BRDA:357,50,0,0
BRDA:357,50,1,0
BRDA:359,51,0,0
BRDA:359,51,1,0
BRDA:365,52,0,0
BRDA:365,52,1,0
BRDA:366,53,0,0
BRDA:366,53,1,0
BRDA:366,53,2,0
BRDA:367,54,0,0
BRDA:367,54,1,0
BRDA:367,54,2,0
BRDA:369,55,0,0
BRDA:369,55,1,0
BRDA:377,56,0,0
BRDA:377,56,1,0
BRDA:377,56,2,0
BRDA:381,57,0,0
BRDA:381,57,1,0
BRDA:381,57,2,0
BRDA:382,58,0,0
BRDA:382,58,1,0
BRDA:382,58,2,0
BRDA:388,59,0,0
BRDA:388,59,1,0
BRDA:389,60,0,0
BRDA:389,60,1,0
BRDA:391,61,0,0
BRDA:391,61,1,0
BRDA:391,62,0,0
BRDA:391,62,1,0
BRDA:398,63,0,0
BRDA:398,63,1,0
BRDA:399,64,0,0
BRDA:399,64,1,0
BRDA:405,65,0,0
BRDA:405,65,1,0
BRDA:418,66,0,0
BRDA:418,66,1,0
BRDA:425,67,0,0
BRDA:425,67,1,0
BRDA:443,68,0,0
BRDA:443,68,1,0
BRDA:457,69,0,0
BRDA:457,69,1,0
BRDA:465,70,0,0
BRDA:465,70,1,0
BRDA:469,71,0,0
BRDA:469,71,1,0
BRDA:478,72,0,0
BRDA:478,72,1,0
BRDA:478,73,0,0
BRDA:478,73,1,0
BRDA:486,74,0,0
BRDA:486,74,1,0
BRDA:492,75,0,0
BRDA:492,75,1,0
BRDA:498,76,0,0
BRDA:498,76,1,0
BRDA:504,77,0,0
BRDA:504,77,1,0
BRDA:504,78,0,0
BRDA:504,78,1,0
BRDA:504,78,2,0
BRDA:511,79,0,0
BRDA:515,80,0,2
BRDA:515,80,1,0
BRDA:515,81,0,2
BRDA:515,81,1,2
BRDA:515,81,2,2
BRDA:523,82,0,2
BRDA:539,83,0,0
BRDA:539,83,1,0
BRDA:548,84,0,0
BRDA:548,84,1,0
BRDA:549,85,0,0
BRDA:549,85,1,0
BRDA:563,86,0,0
BRDA:563,86,1,2
BRDA:569,87,0,2
BRDA:569,87,1,2
BRDA:570,88,0,2
BRDA:570,88,1,2
BRDA:586,89,0,2
BRDA:586,89,1,0
BRDA:586,90,0,2
BRDA:586,90,1,0
BRDA:586,90,2,0
BRDA:594,91,0,0
BRDA:594,91,1,0
BRDA:594,92,0,0
BRDA:594,92,1,0
BRDA:602,93,0,0
BRDA:602,93,1,0
BRDA:620,94,0,0
BRDA:620,94,1,0
BRDA:620,94,2,0
BRDA:623,95,0,0
BRDA:623,95,1,0
BRDA:645,96,0,0
BRDA:645,96,1,0
BRDA:656,97,0,0
BRDA:656,97,1,0
BRDA:666,98,0,0
BRDA:666,98,1,0
BRDA:678,99,0,0
BRDA:678,99,1,0
BRDA:686,100,0,0
BRDA:686,100,1,0
BRDA:688,101,0,0
BRDA:688,101,1,0
BRDA:690,102,0,0
BRDA:690,102,1,0
BRDA:690,102,2,0
BRDA:690,102,3,0
BRDA:695,103,0,0
BRDA:695,103,1,0
BRDA:702,104,0,0
BRDA:702,104,1,0
BRDA:714,105,0,0
BRDA:714,105,1,0
BRDA:714,105,2,0
BRDA:714,105,3,0
BRDA:732,106,0,0
BRDA:732,106,1,0
BRDA:741,107,0,0
BRDA:741,107,1,0
BRDA:742,108,0,0
BRDA:742,108,1,0
BRDA:743,109,0,0
BRDA:743,109,1,0
BRDA:744,110,0,0
BRDA:744,110,1,0
BRDA:745,111,0,0
BRDA:745,111,1,0
BRDA:746,112,0,0
BRDA:746,112,1,0
BRDA:747,113,0,0
BRDA:747,113,1,0
BRDA:748,114,0,0
BRDA:748,114,1,0
BRDA:749,115,0,0
BRDA:749,115,1,0
BRDA:750,116,0,0
BRDA:750,116,1,0
BRDA:758,117,0,0
BRDA:758,117,1,0
BRDA:761,118,0,0
BRDA:761,118,1,0
BRDA:771,119,0,0
BRDA:771,119,1,0
BRDA:772,120,0,0
BRDA:772,120,1,0
BRDA:779,121,0,0
BRDA:779,121,1,0
BRDA:799,122,0,0
BRDA:799,122,1,0
BRDA:809,123,0,0
BRDA:809,123,1,0
BRDA:809,123,2,0
BRDA:821,124,0,0
BRDA:821,124,1,0
BRDA:821,125,0,0
BRDA:821,125,1,0
BRDA:821,125,2,0
BRDA:833,126,0,0
BRDA:833,126,1,0
BRDA:847,127,0,0
BRDA:847,127,1,0
BRDA:851,128,0,0
BRDA:851,128,1,0
BRDA:851,128,2,0
BRDA:852,129,0,0
BRDA:852,129,1,0
BRDA:854,130,0,0
BRDA:854,130,1,0
BRDA:863,131,0,0
BRDA:863,131,1,0
BRF:277
BRH:30
end_of_record
TN:
SF:src\routes\businessDirectory.routes.js
FN:10,isValidHttpUrl
FN:19,isValidLogoValue
FN:33,validateCreateBusinessListingBody
FN:73,validateBusinessListingParams
FN:77,formatListing
FN:102,(anonymous_5)
FN:115,(anonymous_6)
FN:144,(anonymous_7)
FNF:8
FNH:0
FNDA:0,isValidHttpUrl
FNDA:0,isValidLogoValue
FNDA:0,validateCreateBusinessListingBody
FNDA:0,validateBusinessListingParams
FNDA:0,formatListing
FNDA:0,(anonymous_5)
FNDA:0,(anonymous_6)
FNDA:0,(anonymous_7)
DA:8,9
DA:11,0
DA:12,0
DA:13,0
DA:15,0
DA:20,0
DA:21,0
DA:24,0
DA:26,0
DA:27,0
DA:30,0
DA:34,0
DA:36,0
DA:37,0
DA:40,0
DA:41,0
DA:42,0
DA:43,0
DA:46,0
DA:47,0
DA:50,0
DA:51,0
DA:54,0
DA:55,0
DA:58,0
DA:59,0
DA:62,0
DA:63,0
DA:66,0
DA:67,0
DA:70,0
DA:74,0
DA:78,0
DA:102,9
DA:103,0
DA:104,0
DA:105,0
DA:109,0
DA:111,0
DA:115,9
DA:116,0
DA:117,0
DA:119,0
DA:137,0
DA:138,0
DA:140,0
DA:144,9
DA:145,0
DA:146,0
DA:148,0
DA:153,0
DA:154,0
DA:155,0
DA:156,0
DA:159,0
DA:160,0
DA:162,0
DA:163,0
DA:164,0
DA:165,0
DA:168,0
DA:169,0
DA:171,0
LF:63
LH:4
BRDA:13,0,0,0
BRDA:13,0,1,0
BRDA:20,1,0,0
BRDA:20,1,1,0
BRDA:26,2,0,0
BRDA:26,2,1,0
BRDA:36,3,0,0
BRDA:36,3,1,0
BRDA:40,4,0,0
BRDA:40,4,1,0
BRDA:42,5,0,0
BRDA:42,5,1,0
BRDA:46,6,0,0
BRDA:46,6,1,0
BRDA:46,7,0,0
BRDA:46,7,1,0
BRDA:50,8,0,0
BRDA:50,8,1,0
BRDA:50,9,0,0
BRDA:50,9,1,0
BRDA:54,10,0,0
BRDA:54,10,1,0
BRDA:58,11,0,0
BRDA:58,11,1,0
BRDA:62,12,0,0
BRDA:62,12,1,0
BRDA:66,13,0,0
BRDA:66,13,1,0
BRDA:74,14,0,0
BRDA:74,14,1,0
BRDA:94,15,0,0
BRDA:94,15,1,0
BRDA:95,16,0,0
BRDA:95,16,1,0
BRDA:96,17,0,0
BRDA:96,17,1,0
BRDA:124,18,0,0
BRDA:124,18,1,0
BRDA:125,19,0,0
BRDA:125,19,1,0
BRDA:126,20,0,0
BRDA:126,20,1,0
BRDA:127,21,0,0
BRDA:127,21,1,0
BRDA:128,22,0,0
BRDA:128,22,1,0
BRDA:130,23,0,0
BRDA:130,23,1,0
BRDA:133,24,0,0
BRDA:133,24,1,0
BRDA:153,25,0,0
BRDA:153,25,1,0
BRDA:162,26,0,0
BRDA:162,26,1,0
BRDA:162,27,0,0
BRDA:162,27,1,0
BRF:56
BRH:0
end_of_record
TN:
SF:src\routes\communityGroup.routes.js
FN:10,validateGroupBody
FN:31,(anonymous_1)
FN:38,validateGroupId
FN:42,validateGroupMessageBody
FN:46,buildMemberProfileMap
FN:51,(anonymous_5)
FN:54,formatGroup
FN:55,(anonymous_7)
FN:74,(anonymous_8)
FN:99,(anonymous_9)
FN:121,assertValidMembers
FN:122,(anonymous_11)
FN:139,formatGroupsWithProfiles
FN:146,(anonymous_13)
FN:147,(anonymous_14)
FN:148,(anonymous_15)
FN:153,(anonymous_16)
FN:156,findGroupForMemberAccess
FN:179,(anonymous_18)
FN:193,(anonymous_19)
FN:216,(anonymous_20)
FN:231,(anonymous_21)
FN:260,(anonymous_22)
FN:274,(anonymous_23)
FN:301,(anonymous_24)
FN:306,(anonymous_25)
FN:322,(anonymous_26)
FN:323,(anonymous_27)
FN:345,(anonymous_28)
FN:349,(anonymous_29)
FN:378,(anonymous_30)
FNF:31
FNH:0
FNDA:0,validateGroupBody
FNDA:0,(anonymous_1)
FNDA:0,validateGroupId
FNDA:0,validateGroupMessageBody
FNDA:0,buildMemberProfileMap
FNDA:0,(anonymous_5)
FNDA:0,formatGroup
FNDA:0,(anonymous_7)
FNDA:0,(anonymous_8)
FNDA:0,(anonymous_9)
FNDA:0,assertValidMembers
FNDA:0,(anonymous_11)
FNDA:0,formatGroupsWithProfiles
FNDA:0,(anonymous_13)
FNDA:0,(anonymous_14)
FNDA:0,(anonymous_15)
FNDA:0,(anonymous_16)
FNDA:0,findGroupForMemberAccess
FNDA:0,(anonymous_18)
FNDA:0,(anonymous_19)
FNDA:0,(anonymous_20)
FNDA:0,(anonymous_21)
FNDA:0,(anonymous_22)
FNDA:0,(anonymous_23)
FNDA:0,(anonymous_24)
FNDA:0,(anonymous_25)
FNDA:0,(anonymous_26)
FNDA:0,(anonymous_27)
FNDA:0,(anonymous_28)
FNDA:0,(anonymous_29)
FNDA:0,(anonymous_30)
DA:8,9
DA:11,0
DA:13,0
DA:14,0
DA:17,0
DA:18,0
DA:21,0
DA:22,0
DA:25,0
DA:26,0
DA:29,0
DA:30,0
DA:31,0
DA:32,0
DA:35,0
DA:39,0
DA:43,0
DA:47,0
DA:51,0
DA:55,0
DA:56,0
DA:57,0
DA:59,0
DA:74,0
DA:75,0
DA:76,0
DA:78,0
DA:97,0
DA:98,0
DA:99,0
DA:100,0
DA:101,0
DA:102,0
DA:104,0
DA:122,0
DA:123,0
DA:130,0
DA:131,0
DA:132,0
DA:133,0
DA:136,0
DA:140,0
DA:145,0
DA:146,0
DA:147,0
DA:148,0
DA:152,0
DA:153,0
DA:157,0
DA:162,0
DA:163,0
DA:166,0
DA:170,0
DA:171,0
DA:172,0
DA:173,0
DA:176,0
DA:179,9
DA:180,0
DA:181,0
DA:182,0
DA:184,0
DA:188,9
DA:194,0
DA:195,0
DA:196,0
DA:199,0
DA:200,0
DA:201,0
DA:205,0
DA:215,0
DA:216,0
DA:217,0
DA:219,0
DA:224,9
DA:232,0
DA:233,0
DA:234,0
DA:236,0
DA:254,0
DA:255,0
DA:256,0
DA:257,0
DA:260,0
DA:261,0
DA:263,0
DA:268,9
DA:275,0
DA:276,0
DA:277,0
DA:282,0
DA:283,0
DA:284,0
DA:285,0
DA:288,0
DA:290,0
DA:295,9
DA:302,0
DA:303,0
DA:304,0
DA:306,0
DA:307,0
DA:308,0
DA:309,0
DA:310,0
DA:313,0
DA:318,0
DA:319,0
DA:321,0
DA:322,0
DA:323,0
DA:325,0
DA:326,0
DA:327,0
DA:329,0
DA:334,0
DA:339,9
DA:346,0
DA:347,0
DA:348,0
DA:349,0
DA:350,0
DA:352,0
DA:353,0
DA:355,0
DA:356,0
DA:357,0
DA:361,0
DA:364,0
DA:365,0
DA:366,0
DA:367,0
DA:368,0
DA:371,0
DA:372,0
DA:373,0
DA:374,0
DA:375,0
DA:378,0
DA:379,0
DA:380,0
DA:383,0
DA:384,0
DA:386,0
DA:388,0
LF:145
LH:7
BRDA:13,0,0,0
BRDA:13,0,1,0
BRDA:17,1,0,0
BRDA:17,1,1,0
BRDA:21,2,0,0
BRDA:21,2,1,0
BRDA:21,3,0,0
BRDA:21,3,1,0
BRDA:21,3,2,0
BRDA:25,4,0,0
BRDA:25,4,1,0
BRDA:25,5,0,0
BRDA:25,5,1,0
BRDA:25,5,2,0
BRDA:29,6,0,0
BRDA:29,6,1,0
BRDA:31,7,0,0
BRDA:31,7,1,0
BRDA:39,8,0,0
BRDA:39,8,1,0
BRDA:43,9,0,0
BRDA:43,9,1,0
BRDA:55,10,0,0
BRDA:55,10,1,0
BRDA:56,11,0,0
BRDA:56,11,1,0
BRDA:56,11,2,0
BRDA:61,12,0,0
BRDA:61,12,1,0
BRDA:62,13,0,0
BRDA:62,13,1,0
BRDA:63,14,0,0
BRDA:63,14,1,0
BRDA:64,15,0,0
BRDA:64,15,1,0
BRDA:65,16,0,0
BRDA:65,16,1,0
BRDA:66,17,0,0
BRDA:66,17,1,0
BRDA:67,18,0,0
BRDA:67,18,1,0
BRDA:68,19,0,0
BRDA:68,19,1,0
BRDA:69,20,0,0
BRDA:69,20,1,0
BRDA:70,21,0,0
BRDA:70,21,1,0
BRDA:74,22,0,0
BRDA:74,22,1,0
BRDA:75,23,0,0
BRDA:75,23,1,0
BRDA:75,23,2,0
BRDA:84,24,0,0
BRDA:84,24,1,0
BRDA:85,25,0,0
BRDA:85,25,1,0
BRDA:86,26,0,0
BRDA:86,26,1,0
BRDA:87,27,0,0
BRDA:87,27,1,0
BRDA:88,28,0,0
BRDA:88,28,1,0
BRDA:89,29,0,0
BRDA:89,29,1,0
BRDA:90,30,0,0
BRDA:90,30,1,0
BRDA:91,31,0,0
BRDA:91,31,1,0
BRDA:92,32,0,0
BRDA:92,32,1,0
BRDA:98,33,0,0
BRDA:98,33,1,0
BRDA:100,34,0,0
BRDA:100,34,1,0
BRDA:101,35,0,0
BRDA:101,35,1,0
BRDA:102,36,0,0
BRDA:102,36,1,0
BRDA:102,37,0,0
BRDA:102,37,1,0
BRDA:107,38,0,0
BRDA:107,38,1,0
BRDA:109,39,0,0
BRDA:109,39,1,0
BRDA:112,40,0,0
BRDA:112,40,1,0
BRDA:130,41,0,0
BRDA:130,41,1,0
BRDA:147,42,0,0
BRDA:147,42,1,0
BRDA:148,43,0,0
BRDA:148,43,1,0
BRDA:162,44,0,0
BRDA:162,44,1,0
BRDA:170,45,0,0
BRDA:170,45,1,0
BRDA:196,46,0,0
BRDA:196,46,1,0
BRDA:199,47,0,0
BRDA:199,47,1,0
BRDA:200,48,0,0
BRDA:200,48,1,0
BRDA:208,49,0,0
BRDA:208,49,1,0
BRDA:210,50,0,0
BRDA:210,50,1,0
BRDA:234,51,0,0
BRDA:234,51,1,0
BRDA:243,52,0,0
BRDA:243,52,1,0
BRDA:245,53,0,0
BRDA:245,53,1,0
BRDA:254,54,0,0
BRDA:254,54,1,0
BRDA:282,55,0,0
BRDA:282,55,1,0
BRDA:306,56,0,0
BRDA:306,56,1,0
BRDA:307,57,0,0
BRDA:307,57,1,0
BRDA:307,58,0,0
BRDA:307,58,1,0
BRDA:322,59,0,0
BRDA:322,59,1,0
BRDA:323,60,0,0
BRDA:323,60,1,0
BRDA:327,61,0,0
BRDA:327,61,1,0
BRDA:355,62,0,0
BRDA:355,62,1,0
BRDA:364,63,0,0
BRDA:364,63,1,0
BRDA:371,64,0,0
BRDA:371,64,1,0
BRDA:378,65,0,0
BRDA:378,65,1,0
BRDA:379,66,0,0
BRDA:379,66,1,0
BRF:138
BRH:0
end_of_record
TN:
SF:src\routes\event.routes.js
FN:11,inferEventType
FN:21,deriveDateRange
FN:30,deriveStatus
FN:37,formatEvent
FN:39,(anonymous_4)
FN:65,(anonymous_5)
FN:75,validateEventBody
FN:85,validateEventId
FN:89,(anonymous_8)
FN:101,(anonymous_9)
FN:113,(anonymous_10)
FN:139,(anonymous_11)
FN:154,(anonymous_12)
FN:184,(anonymous_13)
FN:199,(anonymous_14)
FN:218,(anonymous_15)
FN:255,(anonymous_16)
FNF:17
FNH:0
FNDA:0,inferEventType
FNDA:0,deriveDateRange
FNDA:0,deriveStatus
FNDA:0,formatEvent
FNDA:0,(anonymous_4)
FNDA:0,(anonymous_5)
FNDA:0,validateEventBody
FNDA:0,validateEventId
FNDA:0,(anonymous_8)
FNDA:0,(anonymous_9)
FNDA:0,(anonymous_10)
FNDA:0,(anonymous_11)
FNDA:0,(anonymous_12)
FNDA:0,(anonymous_13)
FNDA:0,(anonymous_14)
FNDA:0,(anonymous_15)
FNDA:0,(anonymous_16)
DA:9,9
DA:12,0
DA:13,0
DA:14,0
DA:15,0
DA:16,0
DA:17,0
DA:18,0
DA:22,0
DA:23,0
DA:24,0
DA:25,0
DA:26,0
DA:27,0
DA:31,0
DA:32,0
DA:33,0
DA:34,0
DA:38,0
DA:39,0
DA:41,0
DA:42,0
DA:44,0
DA:65,0
DA:76,0
DA:77,0
DA:78,0
DA:79,0
DA:80,0
DA:82,0
DA:86,0
DA:89,9
DA:90,0
DA:91,0
DA:92,0
DA:93,0
DA:94,0
DA:96,0
DA:98,0
DA:101,0
DA:103,0
DA:107,9
DA:114,0
DA:115,0
DA:116,0
DA:125,0
DA:126,0
DA:128,0
DA:133,9
DA:140,0
DA:141,0
DA:142,0
DA:147,0
DA:148,0
DA:149,0
DA:150,0
DA:153,0
DA:154,0
DA:157,0
DA:158,0
DA:159,0
DA:160,0
DA:163,0
DA:168,0
DA:169,0
DA:171,0
DA:173,0
DA:178,9
DA:185,0
DA:186,0
DA:187,0
DA:192,0
DA:193,0
DA:194,0
DA:195,0
DA:198,0
DA:199,0
DA:202,0
DA:203,0
DA:205,0
DA:207,0
DA:212,9
DA:219,0
DA:220,0
DA:221,0
DA:235,0
DA:236,0
DA:237,0
DA:238,0
DA:241,0
DA:242,0
DA:244,0
DA:249,9
DA:256,0
DA:257,0
DA:258,0
DA:263,0
DA:264,0
DA:265,0
DA:266,0
DA:269,0
DA:270,0
DA:272,0
DA:273,0
DA:274,0
DA:275,0
DA:278,0
DA:280,0
DA:282,0
LF:109
LH:7
BRDA:12,0,0,0
BRDA:12,0,1,0
BRDA:12,1,0,0
BRDA:12,1,1,0
BRDA:12,2,0,0
BRDA:12,2,1,0
BRDA:13,3,0,0
BRDA:13,3,1,0
BRDA:13,4,0,0
BRDA:13,4,1,0
BRDA:13,4,2,0
BRDA:14,5,0,0
BRDA:14,5,1,0
BRDA:15,6,0,0
BRDA:15,6,1,0
BRDA:15,7,0,0
BRDA:15,7,1,0
BRDA:16,8,0,0
BRDA:16,8,1,0
BRDA:17,9,0,0
BRDA:17,9,1,0
BRDA:17,10,0,0
BRDA:17,10,1,0
BRDA:17,10,2,0
BRDA:25,11,0,0
BRDA:25,11,1,0
BRDA:26,12,0,0
BRDA:26,12,1,0
BRDA:33,13,0,0
BRDA:33,13,1,0
BRDA:33,14,0,0
BRDA:33,14,1,0
BRDA:34,15,0,0
BRDA:34,15,1,0
BRDA:39,16,0,0
BRDA:39,16,1,0
BRDA:41,17,0,0
BRDA:41,17,1,0
BRDA:60,18,0,0
BRDA:60,18,1,0
BRDA:61,19,0,0
BRDA:61,19,1,0
BRDA:64,20,0,0
BRDA:64,20,1,0
BRDA:65,21,0,0
BRDA:65,21,1,0
BRDA:66,22,0,0
BRDA:66,22,1,0
BRDA:67,23,0,0
BRDA:67,23,1,0
BRDA:68,24,0,0
BRDA:68,24,1,0
BRDA:77,25,0,0
BRDA:77,25,1,0
BRDA:78,26,0,0
BRDA:78,26,1,0
BRDA:79,27,0,0
BRDA:79,27,1,0
BRDA:79,28,0,0
BRDA:79,28,1,0
BRDA:79,28,2,0
BRDA:86,29,0,0
BRDA:86,29,1,0
BRDA:93,30,0,0
BRDA:93,30,1,0
BRDA:119,31,0,0
BRDA:119,31,1,0
BRDA:121,32,0,0
BRDA:121,32,1,0
BRDA:147,33,0,0
BRDA:147,33,1,0
BRDA:157,34,0,0
BRDA:157,34,1,0
BRDA:192,35,0,0
BRDA:192,35,1,0
BRDA:228,36,0,0
BRDA:228,36,1,0
BRDA:235,37,0,0
BRDA:235,37,1,0
BRDA:263,38,0,0
BRDA:263,38,1,0
BRDA:272,39,0,0
BRDA:272,39,1,0
BRDA:272,40,0,0
BRDA:272,40,1,0
BRF:85
BRH:0
end_of_record
TN:
SF:src\routes\feed.routes.js
FN:9,(anonymous_0)
FN:23,(anonymous_1)
FN:31,(anonymous_2)
FN:39,(anonymous_3)
FN:47,(anonymous_4)
FNF:5
FNH:0
FNDA:0,(anonymous_0)
FNDA:0,(anonymous_1)
FNDA:0,(anonymous_2)
FNDA:0,(anonymous_3)
FNDA:0,(anonymous_4)
DA:7,9
DA:9,9
DA:10,0
DA:11,0
DA:12,0
DA:13,0
DA:16,0
DA:22,0
DA:23,0
DA:31,0
DA:39,0
DA:47,0
DA:49,0
DA:51,0
LF:14
LH:2
BRDA:19,0,0,0
BRDA:19,0,1,0
BRDA:35,1,0,0
BRDA:35,1,1,0
BRDA:35,1,2,0
BRF:5
BRH:0
end_of_record
TN:
SF:src\routes\gallery.routes.js
FN:10,isValidHttpUrl
FN:19,validateCreateGalleryItemBody
FN:41,validateGalleryItemParams
FN:45,assertCreatePolicy
FN:83,(anonymous_4)
FN:91,(anonymous_5)
FN:110,(anonymous_6)
FN:146,(anonymous_7)
FNF:8
FNH:0
FNDA:0,isValidHttpUrl
FNDA:0,validateCreateGalleryItemBody
FNDA:0,validateGalleryItemParams
FNDA:0,assertCreatePolicy
FNDA:0,(anonymous_4)
FNDA:0,(anonymous_5)
FNDA:0,(anonymous_6)
FNDA:0,(anonymous_7)
DA:8,9
DA:11,0
DA:12,0
DA:13,0
DA:15,0
DA:20,0
DA:22,0
DA:23,0
DA:26,0
DA:27,0
DA:30,0
DA:31,0
DA:34,0
DA:35,0
DA:38,0
DA:42,0
DA:46,0
DA:47,0
DA:48,0
DA:49,0
DA:50,0
DA:53,0
DA:54,0
DA:55,0
DA:56,0
DA:59,0
DA:60,0
DA:61,0
DA:62,0
DA:65,0
DA:68,0
DA:69,0
DA:70,0
DA:71,0
DA:72,0
DA:75,0
DA:78,0
DA:79,0
DA:80,0
DA:83,9
DA:84,0
DA:85,0
DA:86,0
DA:90,0
DA:91,0
DA:106,0
DA:110,9
DA:111,0
DA:112,0
DA:113,0
DA:115,0
DA:117,0
DA:126,0
DA:128,0
DA:142,0
DA:146,9
DA:147,0
DA:148,0
DA:149,0
DA:154,0
DA:155,0
DA:156,0
DA:157,0
DA:160,0
DA:161,0
DA:163,0
DA:164,0
DA:165,0
DA:166,0
DA:169,0
DA:170,0
DA:171,0
DA:172,0
DA:175,0
DA:176,0
DA:178,0
LF:76
LH:4
BRDA:13,0,0,0
BRDA:13,0,1,0
BRDA:22,1,0,0
BRDA:22,1,1,0
BRDA:22,2,0,0
BRDA:22,2,1,0
BRDA:26,3,0,0
BRDA:26,3,1,0
BRDA:26,4,0,0
BRDA:26,4,1,0
BRDA:30,5,0,0
BRDA:30,5,1,0
BRDA:30,6,0,0
BRDA:30,6,1,0
BRDA:34,7,0,0
BRDA:34,7,1,0
BRDA:34,8,0,0
BRDA:34,8,1,0
BRDA:34,8,2,0
BRDA:42,9,0,0
BRDA:42,9,1,0
BRDA:46,10,0,0
BRDA:46,10,1,0
BRDA:47,11,0,0
BRDA:47,11,1,0
BRDA:53,12,0,0
BRDA:53,12,1,0
BRDA:53,13,0,0
BRDA:53,13,1,0
BRDA:59,14,0,0
BRDA:59,14,1,0
BRDA:59,15,0,0
BRDA:59,15,1,0
BRDA:68,16,0,0
BRDA:68,16,1,0
BRDA:69,17,0,0
BRDA:69,17,1,0
BRDA:69,18,0,0
BRDA:69,18,1,0
BRDA:98,19,0,0
BRDA:98,19,1,0
BRDA:99,20,0,0
BRDA:99,20,1,0
BRDA:100,21,0,0
BRDA:100,21,1,0
BRDA:123,22,0,0
BRDA:123,22,1,0
BRDA:135,23,0,0
BRDA:135,23,1,0
BRDA:136,24,0,0
BRDA:136,24,1,0
BRDA:137,25,0,0
BRDA:137,25,1,0
BRDA:154,26,0,0
BRDA:154,26,1,0
BRDA:163,27,0,0
BRDA:163,27,1,0
BRDA:163,28,0,0
BRDA:163,28,1,0
BRDA:169,29,0,0
BRDA:169,29,1,0
BRDA:169,30,0,0
BRDA:169,30,1,0
BRF:63
BRH:0
end_of_record
TN:
SF:src\routes\institute.routes.js
FN:19,validateInstituteRequestBody
FN:32,validateInstituteId
FN:36,validateDraftId
FN:40,isHexColor
FN:44,normalizeDomain
FN:48,isDomainLike
FN:52,normalizeAutoApproveDomains
FN:62,(anonymous_7)
FN:72,validateInstituteSettingsBody
FN:99,(anonymous_9)
FN:117,hashInviteToken
FN:121,buildInviteUrl
FN:125,issueInviteToken
FN:138,buildDefaultTenantConfig
FN:146,buildInstituteSettingsPayload
FN:172,normalizeOnboardingPayload
FN:198,createInstitutePortalRequest
FN:305,(anonymous_17)
FN:341,(anonymous_18)
FN:360,(anonymous_19)
FN:372,(anonymous_20)
FN:430,(anonymous_21)
FN:440,(anonymous_22)
FN:453,(anonymous_23)
FN:456,(anonymous_24)
FN:493,(anonymous_25)
FN:515,(anonymous_26)
FN:542,(anonymous_27)
FN:600,(anonymous_28)
FN:604,(anonymous_29)
FN:607,(anonymous_30)
FN:624,(anonymous_31)
FN:692,(anonymous_32)
FNF:33
FNH:0
FNDA:0,validateInstituteRequestBody
FNDA:0,validateInstituteId
FNDA:0,validateDraftId
FNDA:0,isHexColor
FNDA:0,normalizeDomain
FNDA:0,isDomainLike
FNDA:0,normalizeAutoApproveDomains
FNDA:0,(anonymous_7)
FNDA:0,validateInstituteSettingsBody
FNDA:0,(anonymous_9)
FNDA:0,hashInviteToken
FNDA:0,buildInviteUrl
FNDA:0,issueInviteToken
FNDA:0,buildDefaultTenantConfig
FNDA:0,buildInstituteSettingsPayload
FNDA:0,normalizeOnboardingPayload
FNDA:0,createInstitutePortalRequest
FNDA:0,(anonymous_17)
FNDA:0,(anonymous_18)
FNDA:0,(anonymous_19)
FNDA:0,(anonymous_20)
FNDA:0,(anonymous_21)
FNDA:0,(anonymous_22)
FNDA:0,(anonymous_23)
FNDA:0,(anonymous_24)
FNDA:0,(anonymous_25)
FNDA:0,(anonymous_26)
FNDA:0,(anonymous_27)
FNDA:0,(anonymous_28)
FNDA:0,(anonymous_29)
FNDA:0,(anonymous_30)
FNDA:0,(anonymous_31)
FNDA:0,(anonymous_32)
DA:17,9
DA:20,0
DA:22,0
DA:23,0
DA:24,0
DA:25,0
DA:26,0
DA:27,0
DA:29,0
DA:33,0
DA:37,0
DA:41,0
DA:45,0
DA:49,0
DA:54,0
DA:60,0
DA:62,0
DA:63,0
DA:64,0
DA:65,0
DA:69,0
DA:73,0
DA:75,0
DA:76,0
DA:79,0
DA:80,0
DA:83,0
DA:84,0
DA:85,0
DA:88,0
DA:89,0
DA:92,0
DA:93,0
DA:97,0
DA:98,0
DA:99,0
DA:101,0
DA:102,0
DA:105,0
DA:106,0
DA:110,0
DA:111,0
DA:114,0
DA:118,0
DA:122,0
DA:126,0
DA:127,0
DA:128,0
DA:129,0
DA:130,0
DA:132,0
DA:139,0
DA:147,0
DA:148,0
DA:150,0
DA:173,0
DA:174,0
DA:176,0
DA:199,0
DA:200,0
DA:201,0
DA:203,0
DA:210,0
DA:211,0
DA:212,0
DA:213,0
DA:216,0
DA:217,0
DA:218,0
DA:219,0
DA:222,0
DA:249,0
DA:250,0
DA:251,0
DA:253,0
DA:264,0
DA:265,0
DA:267,0
DA:277,0
DA:305,9
DA:306,0
DA:307,0
DA:308,0
DA:309,0
DA:310,0
DA:313,0
DA:325,0
DA:326,0
DA:327,0
DA:328,0
DA:331,0
DA:337,0
DA:341,9
DA:342,0
DA:343,0
DA:344,0
DA:345,0
DA:346,0
DA:347,0
DA:349,0
DA:356,0
DA:360,9
DA:361,0
DA:362,0
DA:366,0
DA:368,0
DA:372,9
DA:373,0
DA:374,0
DA:375,0
DA:377,0
DA:378,0
DA:379,0
DA:380,0
DA:383,0
DA:390,0
DA:391,0
DA:392,0
DA:393,0
DA:396,0
DA:397,0
DA:398,0
DA:404,0
DA:407,0
DA:426,0
DA:430,9
DA:431,0
DA:432,0
DA:433,0
DA:434,0
DA:436,0
DA:440,9
DA:441,0
DA:442,0
DA:443,0
DA:445,0
DA:446,0
DA:447,0
DA:448,0
DA:449,0
DA:450,0
DA:452,0
DA:453,0
DA:454,0
DA:457,0
DA:458,0
DA:460,0
DA:473,0
DA:474,0
DA:475,0
DA:476,0
DA:477,0
DA:478,0
DA:481,0
DA:483,0
DA:484,0
DA:487,0
DA:489,0
DA:493,9
DA:494,0
DA:495,0
DA:497,0
DA:498,0
DA:499,0
DA:500,0
DA:503,0
DA:505,0
DA:509,9
DA:516,0
DA:517,0
DA:519,0
DA:520,0
DA:521,0
DA:522,0
DA:525,0
DA:526,0
DA:529,0
DA:530,0
DA:533,0
DA:534,0
DA:537,0
DA:538,0
DA:541,0
DA:542,0
DA:545,0
DA:547,0
DA:549,0
DA:553,0
DA:563,0
DA:577,0
DA:579,0
DA:584,0
DA:595,0
DA:600,9
DA:601,0
DA:602,0
DA:603,0
DA:604,0
DA:606,0
DA:607,0
DA:615,0
DA:619,9
DA:625,0
DA:626,0
DA:628,0
DA:629,0
DA:630,0
DA:631,0
DA:634,0
DA:635,0
DA:636,0
DA:637,0
DA:640,0
DA:641,0
DA:647,0
DA:649,0
DA:650,0
DA:651,0
DA:653,0
DA:666,0
DA:671,0
DA:682,0
DA:687,9
DA:693,0
DA:694,0
DA:696,0
DA:697,0
DA:698,0
DA:699,0
DA:702,0
DA:703,0
DA:705,0
DA:707,0
DA:708,0
DA:709,0
DA:711,0
DA:723,0
DA:728,0
DA:738,0
LF:239
LH:12
BRDA:22,0,0,0
BRDA:22,0,1,0
BRDA:23,1,0,0
BRDA:23,1,1,0
BRDA:24,2,0,0
BRDA:24,2,1,0
BRDA:25,3,0,0
BRDA:25,3,1,0
BRDA:26,4,0,0
BRDA:26,4,1,0
BRDA:26,5,0,0
BRDA:26,5,1,0
BRDA:27,6,0,0
BRDA:27,6,1,0
BRDA:27,7,0,0
BRDA:27,7,1,0
BRDA:33,8,0,0
BRDA:33,8,1,0
BRDA:37,9,0,0
BRDA:37,9,1,0
BRDA:41,10,0,0
BRDA:41,10,1,0
BRDA:45,11,0,0
BRDA:45,11,1,0
BRDA:54,12,0,0
BRDA:54,12,1,0
BRDA:56,13,0,0
BRDA:56,13,1,0
BRDA:64,14,0,0
BRDA:64,14,1,0
BRDA:75,15,0,0
BRDA:75,15,1,0
BRDA:75,16,0,0
BRDA:75,16,1,0
BRDA:79,17,0,0
BRDA:79,17,1,0
BRDA:79,18,0,0
BRDA:79,18,1,0
BRDA:83,19,0,0
BRDA:83,19,1,0
BRDA:83,20,0,0
BRDA:83,20,1,0
BRDA:84,21,0,0
BRDA:84,21,1,0
BRDA:84,22,0,0
BRDA:84,22,1,0
BRDA:88,23,0,0
BRDA:88,23,1,0
BRDA:88,24,0,0
BRDA:88,24,1,0
BRDA:92,25,0,0
BRDA:92,25,1,0
BRDA:92,26,0,0
BRDA:92,26,1,0
BRDA:97,27,0,0
BRDA:97,27,1,0
BRDA:97,28,0,0
BRDA:97,28,1,0
BRDA:97,28,2,0
BRDA:101,29,0,0
BRDA:101,29,1,0
BRDA:105,30,0,0
BRDA:105,30,1,0
BRDA:110,31,0,0
BRDA:110,31,1,0
BRDA:110,32,0,0
BRDA:110,32,1,0
BRDA:122,33,0,0
BRDA:122,33,1,0
BRDA:142,34,0,0
BRDA:142,34,1,0
BRDA:147,35,0,0
BRDA:147,35,1,0
BRDA:148,36,0,0
BRDA:148,36,1,0
BRDA:153,37,0,0
BRDA:153,37,1,0
BRDA:154,38,0,0
BRDA:154,38,1,0
BRDA:155,39,0,0
BRDA:155,39,1,0
BRDA:156,40,0,0
BRDA:156,40,1,0
BRDA:157,41,0,0
BRDA:157,41,1,0
BRDA:158,42,0,0
BRDA:158,42,1,0
BRDA:159,43,0,0
BRDA:159,43,1,0
BRDA:162,44,0,0
BRDA:162,44,1,0
BRDA:166,45,0,0
BRDA:166,45,1,0
BRDA:168,46,0,0
BRDA:168,46,1,0
BRDA:172,47,0,0
BRDA:173,48,0,0
BRDA:173,48,1,0
BRDA:174,49,0,0
BRDA:174,49,1,0
BRDA:174,50,0,0
BRDA:174,50,1,0
BRDA:177,51,0,0
BRDA:177,51,1,0
BRDA:180,52,0,0
BRDA:180,52,1,0
BRDA:181,53,0,0
BRDA:181,53,1,0
BRDA:182,54,0,0
BRDA:182,54,1,0
BRDA:183,55,0,0
BRDA:183,55,1,0
BRDA:184,56,0,0
BRDA:184,56,1,0
BRDA:185,57,0,0
BRDA:185,57,1,0
BRDA:186,58,0,0
BRDA:186,58,1,0
BRDA:188,59,0,0
BRDA:188,59,1,0
BRDA:189,60,0,0
BRDA:189,60,1,0
BRDA:190,61,0,0
BRDA:190,61,1,0
BRDA:191,62,0,0
BRDA:191,62,1,0
BRDA:192,63,0,0
BRDA:192,63,1,0
BRDA:194,64,0,0
BRDA:194,64,1,0
BRDA:194,65,0,0
BRDA:194,65,1,0
BRDA:200,66,0,0
BRDA:200,66,1,0
BRDA:205,67,0,0
BRDA:205,67,1,0
BRDA:210,68,0,0
BRDA:210,68,1,0
BRDA:216,69,0,0
BRDA:216,69,1,0
BRDA:225,70,0,0
BRDA:225,70,1,0
BRDA:231,71,0,0
BRDA:231,71,1,0
BRDA:235,72,0,0
BRDA:235,72,1,0
BRDA:239,73,0,0
BRDA:239,73,1,0
BRDA:307,74,0,0
BRDA:307,74,1,0
BRDA:308,75,0,0
BRDA:308,75,1,0
BRDA:309,76,0,0
BRDA:309,76,1,0
BRDA:310,77,0,0
BRDA:310,77,1,0
BRDA:313,78,0,0
BRDA:313,78,1,0
BRDA:313,79,0,0
BRDA:313,79,1,0
BRDA:325,80,0,0
BRDA:325,80,1,0
BRDA:344,81,0,0
BRDA:344,81,1,0
BRDA:352,82,0,0
BRDA:352,82,1,0
BRDA:374,83,0,0
BRDA:374,83,1,0
BRDA:375,84,0,0
BRDA:375,84,1,0
BRDA:377,85,0,0
BRDA:377,85,1,0
BRDA:385,86,0,0
BRDA:385,86,1,0
BRDA:386,87,0,0
BRDA:386,87,1,0
BRDA:390,88,0,0
BRDA:390,88,1,0
BRDA:401,89,0,0
BRDA:401,89,1,0
BRDA:402,90,0,0
BRDA:402,90,1,0
BRDA:410,91,0,0
BRDA:410,91,1,0
BRDA:411,92,0,0
BRDA:411,92,1,0
BRDA:412,93,0,0
BRDA:412,93,1,0
BRDA:413,94,0,0
BRDA:413,94,1,0
BRDA:415,95,0,0
BRDA:415,95,1,0
BRDA:416,96,0,0
BRDA:416,96,1,0
BRDA:417,97,0,0
BRDA:417,97,1,0
BRDA:418,98,0,0
BRDA:418,98,1,0
BRDA:420,99,0,0
BRDA:420,99,1,0
BRDA:421,100,0,0
BRDA:421,100,1,0
BRDA:423,101,0,0
BRDA:423,101,1,0
BRDA:442,102,0,0
BRDA:442,102,1,0
BRDA:443,103,0,0
BRDA:443,103,1,0
BRDA:445,104,0,0
BRDA:445,104,1,0
BRDA:445,105,0,0
BRDA:445,105,1,0
BRDA:447,106,0,0
BRDA:447,106,1,0
BRDA:452,107,0,0
BRDA:452,107,1,0
BRDA:453,108,0,0
BRDA:453,108,1,0
BRDA:453,108,2,0
BRDA:457,109,0,0
BRDA:457,109,1,0
BRDA:457,110,0,0
BRDA:457,110,1,0
BRDA:457,110,2,0
BRDA:463,111,0,0
BRDA:463,111,1,0
BRDA:464,112,0,0
BRDA:464,112,1,0
BRDA:467,113,0,0
BRDA:467,113,1,0
BRDA:468,114,0,0
BRDA:468,114,1,0
BRDA:474,115,0,0
BRDA:474,115,1,0
BRDA:483,116,0,0
BRDA:483,116,1,0
BRDA:483,117,0,0
BRDA:483,117,1,0
BRDA:495,118,0,0
BRDA:495,118,1,0
BRDA:495,118,2,0
BRDA:497,119,0,0
BRDA:497,119,1,0
BRDA:517,120,0,0
BRDA:517,120,1,0
BRDA:517,120,2,0
BRDA:519,121,0,0
BRDA:519,121,1,0
BRDA:525,122,0,0
BRDA:525,122,1,0
BRDA:529,123,0,0
BRDA:529,123,1,0
BRDA:530,124,0,0
BRDA:530,124,1,0
BRDA:533,125,0,0
BRDA:533,125,1,0
BRDA:534,126,0,0
BRDA:534,126,1,0
BRDA:537,127,0,0
BRDA:537,127,1,0
BRDA:538,128,0,0
BRDA:538,128,1,0
BRDA:541,129,0,0
BRDA:541,129,1,0
BRDA:542,130,0,0
BRDA:542,130,1,0
BRDA:545,131,0,0
BRDA:545,131,1,0
BRDA:545,132,0,0
BRDA:545,132,1,0
BRDA:547,133,0,0
BRDA:547,133,1,0
BRDA:547,134,0,0
BRDA:547,134,1,0
BRDA:549,135,0,0
BRDA:549,135,1,0
BRDA:554,136,0,0
BRDA:554,136,1,0
BRDA:555,137,0,0
BRDA:555,137,1,0
BRDA:556,138,0,0
BRDA:556,138,1,0
BRDA:556,139,0,0
BRDA:556,139,1,0
BRDA:557,140,0,0
BRDA:557,140,1,0
BRDA:558,141,0,0
BRDA:558,141,1,0
BRDA:559,142,0,0
BRDA:559,142,1,0
BRDA:560,143,0,0
BRDA:560,143,1,0
BRDA:560,144,0,0
BRDA:560,144,1,0
BRDA:564,145,0,0
BRDA:564,145,1,0
BRDA:565,146,0,0
BRDA:565,146,1,0
BRDA:566,147,0,0
BRDA:566,147,1,0
BRDA:567,148,0,0
BRDA:567,148,1,0
BRDA:568,149,0,0
BRDA:568,149,1,0
BRDA:571,150,0,0
BRDA:571,150,1,0
BRDA:574,151,0,0
BRDA:574,151,1,0
BRDA:591,152,0,0
BRDA:591,152,1,0
BRDA:609,153,0,0
BRDA:609,153,1,0
BRDA:610,154,0,0
BRDA:610,154,1,0
BRDA:611,155,0,0
BRDA:611,155,1,0
BRDA:628,156,0,0
BRDA:628,156,1,0
BRDA:636,157,0,0
BRDA:636,157,1,0
BRDA:638,158,0,0
BRDA:638,158,1,0
BRDA:638,158,2,0
BRDA:638,158,3,0
BRDA:640,159,0,0
BRDA:640,159,1,0
BRDA:696,160,0,0
BRDA:696,160,1,0
BRF:328
BRH:0
end_of_record
TN:
SF:src\routes\job.routes.js
FN:12,inferJobType
FN:19,inferLocation
FN:27,inferIndustry
FN:37,mapAdminStatus
FN:44,normalizeDateOrNull
FN:53,syncExpiredJobs
FN:68,formatJob
FN:97,validateJobBody
FN:107,validateJobId
FN:111,(anonymous_9)
FN:133,(anonymous_10)
FN:144,(anonymous_11)
FN:197,(anonymous_12)
FN:265,(anonymous_13)
FN:293,(anonymous_14)
FNF:15
FNH:0
FNDA:0,inferJobType
FNDA:0,inferLocation
FNDA:0,inferIndustry
FNDA:0,mapAdminStatus
FNDA:0,normalizeDateOrNull
FNDA:0,syncExpiredJobs
FNDA:0,formatJob
FNDA:0,validateJobBody
FNDA:0,validateJobId
FNDA:0,(anonymous_9)
FNDA:0,(anonymous_10)
FNDA:0,(anonymous_11)
FNDA:0,(anonymous_12)
FNDA:0,(anonymous_13)
FNDA:0,(anonymous_14)
DA:10,9
DA:13,0
DA:14,0
DA:15,0
DA:16,0
DA:20,0
DA:21,0
DA:22,0
DA:23,0
DA:24,0
DA:28,0
DA:29,0
DA:30,0
DA:31,0
DA:32,0
DA:33,0
DA:34,0
DA:38,0
DA:39,0
DA:40,0
DA:41,0
DA:45,0
DA:46,0
DA:49,0
DA:50,0
DA:54,0
DA:69,0
DA:70,0
DA:71,0
DA:73,0
DA:98,0
DA:99,0
DA:100,0
DA:101,0
DA:102,0
DA:103,0
DA:104,0
DA:108,0
DA:111,9
DA:112,0
DA:113,0
DA:114,0
DA:117,0
DA:132,0
DA:133,0
DA:135,0
DA:139,9
DA:145,0
DA:146,0
DA:147,0
DA:148,0
DA:149,0
DA:150,0
DA:151,0
DA:166,0
DA:168,0
DA:169,0
DA:170,0
DA:184,0
DA:186,0
DA:191,9
DA:198,0
DA:199,0
DA:200,0
DA:208,0
DA:209,0
DA:212,0
DA:213,0
DA:215,0
DA:216,0
DA:217,0
DA:218,0
DA:221,0
DA:222,0
DA:223,0
DA:224,0
DA:225,0
DA:226,0
DA:227,0
DA:228,0
DA:229,0
DA:230,0
DA:231,0
DA:232,0
DA:233,0
DA:236,0
DA:245,0
DA:246,0
DA:247,0
DA:248,0
DA:251,0
DA:252,0
DA:254,0
DA:259,9
DA:266,0
DA:267,0
DA:268,0
DA:273,0
DA:274,0
DA:275,0
DA:276,0
DA:279,0
DA:281,0
DA:283,0
DA:288,9
DA:294,0
DA:295,0
DA:296,0
DA:297,0
DA:300,0
DA:301,0
DA:302,0
DA:303,0
DA:304,0
DA:307,0
DA:308,0
DA:309,0
DA:310,0
DA:313,0
DA:314,0
DA:315,0
DA:316,0
DA:317,0
DA:318,0
DA:321,0
DA:322,0
DA:323,0
DA:324,0
DA:328,0
DA:333,0
DA:334,0
DA:335,0
DA:336,0
DA:340,0
DA:346,0
DA:354,0
DA:355,0
DA:358,0
DA:359,0
DA:385,0
DA:389,0
DA:400,0
LF:142
LH:6
BRDA:13,0,0,0
BRDA:13,0,1,0
BRDA:13,1,0,0
BRDA:13,1,1,0
BRDA:14,2,0,0
BRDA:14,2,1,0
BRDA:15,3,0,0
BRDA:15,3,1,0
BRDA:20,4,0,0
BRDA:20,4,1,0
BRDA:21,5,0,0
BRDA:21,5,1,0
BRDA:21,6,0,0
BRDA:21,6,1,0
BRDA:21,7,0,0
BRDA:21,7,1,0
BRDA:22,8,0,0
BRDA:22,8,1,0
BRDA:23,9,0,0
BRDA:23,9,1,0
BRDA:28,10,0,0
BRDA:28,10,1,0
BRDA:29,11,0,0
BRDA:29,11,1,0
BRDA:29,12,0,0
BRDA:29,12,1,0
BRDA:29,13,0,0
BRDA:29,13,1,0
BRDA:30,14,0,0
BRDA:30,14,1,0
BRDA:31,15,0,0
BRDA:31,15,1,0
BRDA:32,16,0,0
BRDA:32,16,1,0
BRDA:32,17,0,0
BRDA:32,17,1,0
BRDA:33,18,0,0
BRDA:33,18,1,0
BRDA:38,19,0,0
BRDA:38,19,1,0
BRDA:39,20,0,0
BRDA:39,20,1,0
BRDA:40,21,0,0
BRDA:40,21,1,0
BRDA:45,22,0,0
BRDA:45,22,1,0
BRDA:50,23,0,0
BRDA:50,23,1,0
BRDA:69,24,0,0
BRDA:69,24,1,0
BRDA:69,24,2,0
BRDA:70,25,0,0
BRDA:70,25,1,0
BRDA:71,26,0,0
BRDA:71,26,1,0
BRDA:71,26,2,0
BRDA:91,27,0,0
BRDA:91,27,1,0
BRDA:92,28,0,0
BRDA:92,28,1,0
BRDA:99,29,0,0
BRDA:99,29,1,0
BRDA:100,30,0,0
BRDA:100,30,1,0
BRDA:101,31,0,0
BRDA:101,31,1,0
BRDA:102,32,0,0
BRDA:102,32,1,0
BRDA:102,33,0,0
BRDA:102,33,1,0
BRDA:103,34,0,0
BRDA:103,34,1,0
BRDA:103,35,0,0
BRDA:103,35,1,0
BRDA:108,36,0,0
BRDA:108,36,1,0
BRDA:117,37,0,0
BRDA:117,37,1,0
BRDA:149,38,0,0
BRDA:149,38,1,0
BRDA:149,39,0,0
BRDA:149,39,1,0
BRDA:161,40,0,0
BRDA:161,40,1,0
BRDA:162,41,0,0
BRDA:162,41,1,0
BRDA:163,42,0,0
BRDA:163,42,1,0
[...]
DA:117,0
DA:118,0
DA:119,0
DA:120,0
DA:121,0
DA:122,0
DA:123,0
DA:124,0
DA:125,0
DA:126,0
DA:129,0
DA:143,0
DA:156,0
DA:157,0
DA:158,0
DA:159,0
DA:162,0
DA:163,0
DA:164,0
DA:167,0
DA:182,0
DA:207,0
DA:208,0
DA:209,0
DA:210,0
DA:213,0
DA:214,0
DA:215,0
DA:218,0
DA:238,0
DA:239,0
DA:240,0
DA:242,0
DA:243,0
DA:244,0
DA:252,0
DA:253,0
DA:257,0
DA:259,0
DA:270,0
DA:281,0
DA:288,0
DA:307,0
DA:332,0
DA:333,0
DA:334,0
DA:335,0
DA:336,0
DA:337,0
DA:338,0
DA:340,0
DA:343,0
DA:344,0
DA:345,0
DA:346,0
LF:92
LH:0
BRDA:13,0,0,0
BRDA:13,0,1,0
BRDA:13,0,2,0
BRDA:29,1,0,0
BRDA:29,1,1,0
BRDA:33,2,0,0
BRDA:33,2,1,0
BRDA:45,3,0,0
BRDA:45,3,1,0
BRDA:61,4,0,0
BRDA:61,4,1,0
BRDA:65,5,0,0
BRDA:65,5,1,0
BRDA:69,6,0,0
BRDA:69,6,1,0
BRDA:82,7,0,0
BRDA:86,8,0,0
BRDA:86,8,1,0
BRDA:116,9,0,0
BRDA:116,9,1,0
BRDA:158,10,0,0
BRDA:158,10,1,0
BRDA:163,11,0,0
BRDA:163,11,1,0
BRDA:209,12,0,0
BRDA:209,12,1,0
BRDA:214,13,0,0
BRDA:214,13,1,0
BRF:28
BRH:0
end_of_record
TN:
SF:src\scripts\migrations\addPerformanceIndexes.js
FN:10,addIndexesToModel
FN:25,addPerformanceIndexes
FN:227,(anonymous_2)
FNF:3
FNH:0
FNDA:0,addIndexesToModel
FNDA:0,addPerformanceIndexes
FNDA:0,(anonymous_2)
DA:8,0
DA:11,0
DA:12,0
DA:14,0
DA:15,0
DA:16,0
DA:19,0
DA:21,0
DA:26,0
DA:29,0
DA:30,0
DA:31,0
DA:34,0
DA:61,0
DA:78,0
DA:80,0
DA:82,0
DA:83,0
DA:85,0
DA:87,0
DA:90,0
DA:121,0
DA:157,0
DA:179,0
DA:198,0
DA:214,0
DA:217,0
DA:221,0
DA:222,0
DA:223,0
DA:227,0
DA:228,0
DA:229,0
DA:230,0
LF:34
LH:0
BRDA:29,0,0,0
BRDA:29,0,1,0
BRF:2
BRH:0
end_of_record
TN:
SF:src\scripts\migrations\migrateMessages.js
FN:8,migrateTenantMessages
FN:52,runMigration
FNF:2
FNH:0
FNDA:0,migrateTenantMessages
FNDA:0,runMigration
DA:6,0
DA:9,0
DA:11,0
DA:12,0
DA:13,0
DA:15,0
DA:19,0
DA:21,0
DA:22,0
DA:23,0
DA:25,0
DA:26,0
DA:42,0
DA:43,0
DA:45,0
DA:46,0
DA:47,0
DA:53,0
DA:54,0
DA:55,0
DA:57,0
DA:58,0
DA:60,0
DA:61,0
DA:64,0
DA:65,0
DA:67,0
DA:68,0
DA:72,0
LF:29
LH:0
BRDA:31,0,0,0
BRDA:31,0,1,0
BRDA:33,1,0,0
BRDA:33,1,1,0
BRDA:33,1,2,0
BRDA:34,2,0,0
BRDA:34,2,1,0
BRDA:35,3,0,0
BRDA:35,3,1,0
BRDA:36,4,0,0
BRDA:36,4,1,0
BRDA:38,5,0,0
BRDA:38,5,1,0
BRDA:42,6,0,0
BRDA:42,6,1,0
BRF:15
BRH:0
end_of_record
TN:
SF:src\services\cachedDataService.js
FN:15,(anonymous_0)
FN:41,(anonymous_1)
FN:69,(anonymous_2)
FN:97,(anonymous_3)
FN:126,(anonymous_4)
FN:155,(anonymous_5)
FN:191,(anonymous_6)
FN:222,(anonymous_7)
FN:257,(anonymous_8)
FN:288,(anonymous_9)
FN:320,(anonymous_10)
FN:339,(anonymous_11)
FN:356,(anonymous_12)
FN:365,(anonymous_13)
FNF:14
FNH:0
FNDA:0,(anonymous_0)
FNDA:0,(anonymous_1)
FNDA:0,(anonymous_2)
FNDA:0,(anonymous_3)
FNDA:0,(anonymous_4)
FNDA:0,(anonymous_5)
FNDA:0,(anonymous_6)
FNDA:0,(anonymous_7)
FNDA:0,(anonymous_8)
FNDA:0,(anonymous_9)
FNDA:0,(anonymous_10)
FNDA:0,(anonymous_11)
FNDA:0,(anonymous_12)
FNDA:0,(anonymous_13)
DA:16,0
DA:19,0
DA:20,0
DA:21,0
DA:25,0
DA:27,0
DA:29,0
DA:32,0
DA:42,0
DA:45,0
DA:46,0
DA:47,0
DA:51,0
DA:53,0
DA:55,0
DA:57,0
DA:60,0
DA:70,0
DA:73,0
DA:74,0
DA:75,0
DA:79,0
DA:81,0
DA:83,0
DA:85,0
DA:88,0
DA:98,0
DA:99,0
DA:102,0
DA:103,0
DA:104,0
DA:108,0
DA:110,0
DA:112,0
DA:114,0
DA:117,0
DA:127,0
DA:130,0
DA:131,0
DA:132,0
DA:136,0
DA:138,0
DA:140,0
DA:142,0
DA:145,0
DA:156,0
DA:157,0
DA:160,0
DA:161,0
DA:162,0
DA:166,0
DA:176,0
DA:179,0
DA:181,0
DA:192,0
DA:193,0
DA:196,0
DA:197,0
DA:198,0
DA:202,0
DA:205,0
DA:210,0
DA:212,0
DA:223,0
DA:226,0
DA:227,0
DA:228,0
DA:232,0
DA:234,0
DA:235,0
DA:236,0
DA:241,0
DA:246,0
DA:248,0
DA:258,0
DA:261,0
DA:262,0
DA:263,0
DA:267,0
DA:276,0
DA:278,0
DA:289,0
DA:292,0
DA:293,0
DA:294,0
DA:298,0
DA:299,0
DA:300,0
DA:301,0
DA:305,0
DA:311,0
DA:313,0
DA:322,0
DA:325,0
DA:326,0
DA:329,0
DA:332,0
DA:341,0
DA:344,0
DA:347,0
DA:350,0
DA:357,0
DA:358,0
DA:366,0
LF:104
LH:0
BRDA:20,0,0,0
BRDA:20,0,1,0
BRDA:27,1,0,0
BRDA:27,1,1,0
BRDA:46,2,0,0
BRDA:46,2,1,0
BRDA:53,3,0,0
BRDA:53,3,1,0
BRDA:74,4,0,0
BRDA:74,4,1,0
BRDA:81,5,0,0
BRDA:81,5,1,0
BRDA:103,6,0,0
BRDA:103,6,1,0
BRDA:110,7,0,0
BRDA:110,7,1,0
BRDA:131,8,0,0
BRDA:131,8,1,0
BRDA:138,9,0,0
BRDA:138,9,1,0
BRDA:155,10,0,0
BRDA:161,11,0,0
BRDA:161,11,1,0
BRDA:172,12,0,0
BRDA:172,12,1,0
BRDA:191,13,0,0
BRDA:197,14,0,0
BRDA:197,14,1,0
BRDA:222,15,0,0
BRDA:227,16,0,0
BRDA:227,16,1,0
BRDA:234,17,0,0
BRDA:234,17,1,0
BRDA:262,18,0,0
BRDA:262,18,1,0
BRDA:288,19,0,0
BRDA:293,20,0,0
BRDA:293,20,1,0
BRDA:299,21,0,0
BRDA:299,21,1,0
BRF:40
BRH:0
end_of_record
TN:
SF:src\utils\asyncHandler.js
FN:5,(anonymous_0)
FN:5,(anonymous_1)
FNF:2
FNH:1
FNDA:297,(anonymous_0)
FNDA:0,(anonymous_1)
DA:5,297
DA:6,0
LF:2
LH:1
BRF:0
BRH:0
end_of_record
TN:
SF:src\utils\attachments.js
FN:17,parseDataUrl
FN:34,toSafeFileName
FN:44,getFileExtension
FN:65,isExternalUrl
FN:69,isUploadPath
FN:73,buildStoredFileName
FN:80,storeIncomingUpload
FN:107,persistMentorshipAttachments
FNF:8
FNH:0
FNDA:0,parseDataUrl
FNDA:0,toSafeFileName
FNDA:0,getFileExtension
FNDA:0,isExternalUrl
FNDA:0,isUploadPath
FNDA:0,buildStoredFileName
FNDA:0,storeIncomingUpload
FNDA:0,persistMentorshipAttachments
DA:5,9
DA:18,0
DA:19,0
DA:20,0
DA:23,0
DA:24,0
DA:26,0
DA:27,0
DA:28,0
DA:30,0
DA:35,0
DA:41,0
DA:45,0
DA:46,0
DA:47,0
DA:48,0
DA:51,0
DA:52,0
DA:55,0
DA:56,0
DA:57,0
DA:58,0
DA:62,0
DA:66,0
DA:70,0
DA:74,0
DA:75,0
DA:76,0
DA:77,0
DA:81,0
DA:82,0
DA:83,0
DA:84,0
DA:93,0
DA:95,0
DA:96,0
DA:97,0
DA:99,0
DA:108,0
DA:109,0
DA:110,0
DA:112,0
DA:120,0
DA:122,0
DA:124,0
DA:125,0
DA:126,0
DA:127,0
DA:128,0
DA:130,0
DA:131,0
DA:134,0
DA:135,0
DA:141,0
DA:144,0
DA:145,0
DA:146,0
DA:149,0
DA:150,0
DA:152,0
DA:154,0
DA:156,0
DA:164,0
LF:63
LH:1
BRDA:18,0,0,0
BRDA:18,0,1,0
BRDA:19,1,0,0
BRDA:19,1,1,0
BRDA:23,2,0,0
BRDA:23,2,1,0
BRDA:24,3,0,0
BRDA:24,3,1,0
BRDA:35,4,0,0
BRDA:35,4,1,0
BRDA:41,5,0,0
BRDA:41,5,1,0
BRDA:45,6,0,0
BRDA:45,6,1,0
BRDA:46,7,0,0
BRDA:46,7,1,0
BRDA:47,8,0,0
BRDA:47,8,1,0
BRDA:47,9,0,0
BRDA:47,9,1,0
BRDA:51,10,0,0
BRDA:51,10,1,0
BRDA:55,11,0,0
BRDA:55,11,1,0
BRDA:57,12,0,0
BRDA:57,12,1,0
BRDA:66,13,0,0
BRDA:66,13,1,0
BRDA:70,14,0,0
BRDA:70,14,1,0
BRDA:81,15,0,0
BRDA:81,15,1,0
BRDA:82,16,0,0
BRDA:82,16,1,0
BRDA:83,17,0,0
BRDA:83,17,1,0
BRDA:83,18,0,0
BRDA:83,18,1,0
BRDA:95,19,0,0
BRDA:95,19,1,0
BRDA:102,20,0,0
BRDA:102,20,1,0
BRDA:103,21,0,0
BRDA:103,21,1,0
BRDA:108,22,0,0
BRDA:108,22,1,0
BRDA:109,23,0,0
BRDA:109,23,1,0
BRDA:110,24,0,0
BRDA:110,24,1,0
BRDA:125,25,0,0
BRDA:125,25,1,0
BRDA:125,26,0,0
BRDA:125,26,1,0
BRDA:126,27,0,0
BRDA:126,27,1,0
BRDA:127,28,0,0
BRDA:127,28,1,0
BRDA:127,29,0,0
BRDA:127,29,1,0
BRDA:128,30,0,0
BRDA:128,30,1,0
BRDA:130,31,0,0
BRDA:130,31,1,0
BRDA:134,32,0,0
BRDA:134,32,1,0
BRDA:134,33,0,0
BRDA:134,33,1,0
BRDA:139,34,0,0
BRDA:139,34,1,0
BRDA:139,35,0,0
BRDA:139,35,1,0
BRDA:145,36,0,0
BRDA:145,36,1,0
BRDA:149,37,0,0
BRDA:149,37,1,0
BRDA:159,38,0,0
BRDA:159,38,1,0
BRF:78
BRH:0
end_of_record
TN:
SF:src\utils\audit.js
FN:3,logAuditEvent
FNF:1
FNH:0
FNDA:0,logAuditEvent
DA:4,0
DA:5,0
DA:13,0
LF:3
LH:0
BRDA:6,0,0,0
BRDA:6,0,1,0
BRDA:7,1,0,0
BRDA:7,1,1,0
BRDA:8,2,0,0
BRDA:8,2,1,0
BRDA:9,3,0,0
BRDA:9,3,1,0
BRF:8
BRH:0
end_of_record
TN:
SF:src\utils\auth.js
FN:8,getJwtSecret
FN:22,hashPassword
FN:26,comparePassword
FN:30,generateAccessToken
FN:42,generateRefreshToken
FN:46,hashToken
FN:50,getAuthCookieOptions
FN:67,getRefreshCookieOptions
FN:84,setAuthCookies
FN:91,clearAuthCookies
FNF:10
FNH:5
FNDA:66,getJwtSecret
FNDA:0,hashPassword
FNDA:0,comparePassword
FNDA:42,generateAccessToken
FNDA:0,generateRefreshToken
FNDA:0,hashToken
FNDA:44,getAuthCookieOptions
FNDA:0,getRefreshCookieOptions
FNDA:42,setAuthCookies
FNDA:1,clearAuthCookies
DA:5,9
DA:6,9
DA:9,66
DA:11,66
DA:12,0
DA:15,66
DA:16,0
DA:19,66
DA:23,0
DA:27,0
DA:31,42
DA:43,0
DA:47,0
DA:51,44
DA:52,44
DA:60,44
DA:61,0
DA:64,44
DA:68,0
DA:69,0
DA:77,0
DA:78,0
DA:81,0
DA:85,42
DA:86,42
DA:87,0
DA:92,1
DA:101,1
LF:28
LH:15
BRDA:9,0,0,66
BRDA:9,0,1,0
BRDA:11,1,0,0
BRDA:11,1,1,66
BRDA:15,2,0,0
BRDA:15,2,1,66
BRDA:15,3,0,66
BRDA:15,3,1,0
BRDA:35,4,0,42
BRDA:35,4,1,42
BRDA:35,4,2,0
BRDA:60,5,0,0
BRDA:60,5,1,44
BRDA:60,6,0,44
BRDA:60,6,1,0
BRDA:77,7,0,0
BRDA:77,7,1,0
BRDA:77,8,0,0
BRDA:77,8,1,0
BRDA:86,9,0,0
BRDA:86,9,1,42
BRDA:97,10,0,0
BRDA:97,10,1,1
BRDA:97,11,0,1
BRDA:97,11,1,0
BRDA:106,12,0,0
BRDA:106,12,1,1
BRDA:106,13,0,1
BRDA:106,13,1,0
BRF:29
BRH:13
end_of_record
TN:
SF:src\utils\cache.js
FN:7,(anonymous_0)
FN:22,(anonymous_1)
FN:33,(anonymous_2)
FN:53,(anonymous_3)
FN:62,(anonymous_4)
FN:80,(anonymous_5)
FN:88,(anonymous_6)
FN:114,(anonymous_7)
FN:115,(anonymous_8)
FN:123,(anonymous_9)
FN:133,(anonymous_10)
FN:156,(anonymous_11)
FN:157,(anonymous_12)
FN:158,(anonymous_13)
FN:161,(anonymous_14)
FN:162,(anonymous_15)
FN:165,(anonymous_16)
FN:166,(anonymous_17)
FN:169,(anonymous_18)
FN:172,(anonymous_19)
FN:175,(anonymous_20)
FN:178,(anonymous_21)
FN:181,(anonymous_22)
FN:186,cacheMiddleware
FN:187,(anonymous_24)
FN:207,(anonymous_25)
FN:222,invalidateCache
FNF:27
FNH:2
FNDA:9,(anonymous_0)
FNDA:0,(anonymous_1)
FNDA:0,(anonymous_2)
FNDA:0,(anonymous_3)
FNDA:0,(anonymous_4)
FNDA:0,(anonymous_5)
FNDA:0,(anonymous_6)
FNDA:9,(anonymous_7)
FNDA:0,(anonymous_8)
FNDA:0,(anonymous_9)
FNDA:0,(anonymous_10)
FNDA:0,(anonymous_11)
FNDA:0,(anonymous_12)
FNDA:0,(anonymous_13)
FNDA:0,(anonymous_14)
FNDA:0,(anonymous_15)
FNDA:0,(anonymous_16)
FNDA:0,(anonymous_17)
FNDA:0,(anonymous_18)
FNDA:0,(anonymous_19)
FNDA:0,(anonymous_20)
FNDA:0,(anonymous_21)
FNDA:0,(anonymous_22)
FNDA:0,cacheMiddleware
FNDA:0,(anonymous_24)
FNDA:0,(anonymous_25)
FNDA:0,invalidateCache
DA:8,9
DA:9,9
DA:10,9
DA:13,9
DA:23,0
DA:24,0
DA:25,0
DA:34,0
DA:36,0
DA:37,0
DA:41,0
DA:42,0
DA:43,0
DA:46,0
DA:54,0
DA:63,0
DA:65,0
DA:66,0
DA:69,0
DA:70,0
DA:71,0
DA:74,0
DA:81,0
DA:89,0
DA:90,0
DA:91,0
DA:92,0
DA:94,0
DA:95,0
DA:96,0
DA:97,0
DA:99,0
DA:103,0
DA:115,9
DA:116,0
DA:124,0
DA:125,0
DA:126,0
DA:134,0
DA:135,0
DA:137,0
DA:138,0
DA:139,0
DA:140,0
DA:144,0
DA:145,0
DA:151,9
DA:154,9
DA:156,0
DA:157,0
DA:158,0
DA:161,0
DA:162,0
DA:165,0
DA:166,0
DA:169,0
DA:172,0
DA:175,0
DA:178,0
DA:182,0
DA:187,0
DA:189,0
DA:190,0
DA:194,0
DA:197,0
DA:199,0
DA:201,0
DA:202,0
DA:206,0
DA:207,0
DA:209,0
DA:210,0
DA:211,0
DA:214,0
DA:217,0
DA:223,0
DA:225,0
DA:226,0
DA:227,0
DA:228,0
DA:232,0
LF:81
LH:7
BRDA:22,0,0,0
BRDA:36,1,0,0
BRDA:36,1,1,0
BRDA:41,2,0,0
BRDA:41,2,1,0
BRDA:65,3,0,0
BRDA:65,3,1,0
BRDA:69,4,0,0
BRDA:69,4,1,0
BRDA:96,5,0,0
BRDA:96,5,1,0
BRDA:124,6,0,0
BRDA:124,6,1,0
BRDA:138,7,0,0
BRDA:138,7,1,0
BRDA:144,8,0,0
BRDA:144,8,1,0
BRDA:169,9,0,0
BRDA:169,9,1,0
BRDA:172,10,0,0
BRDA:175,11,0,0
BRDA:181,12,0,0
BRDA:182,13,0,0
BRDA:182,13,1,0
BRDA:186,14,0,0
BRDA:189,15,0,0
BRDA:189,15,1,0
BRDA:199,16,0,0
BRDA:199,16,1,0
BRDA:209,17,0,0
BRDA:209,17,1,0
BRDA:209,18,0,0
BRDA:209,18,1,0
BRDA:226,19,0,0
BRDA:226,19,1,0
BRF:35
BRH:0
end_of_record
TN:
SF:src\utils\email.js
FN:3,getInstitutionEmailLabels
FN:17,buildProfileDetailRows
FN:40,getEmailConfig
FN:51,hasSmtpConfig
FN:55,sendInviteEmail
FN:133,sendApplicationEmail
FN:245,sendConnectionRequestEmail
FN:326,sendPasswordResetEmail
FNF:8
FNH:0
FNDA:0,getInstitutionEmailLabels
FNDA:0,buildProfileDetailRows
FNDA:0,getEmailConfig
FNDA:0,hasSmtpConfig
FNDA:0,sendInviteEmail
FNDA:0,sendApplicationEmail
FNDA:0,sendConnectionRequestEmail
FNDA:0,sendPasswordResetEmail
DA:4,0
DA:6,0
DA:18,0
DA:19,0
DA:24,0
DA:25,0
DA:26,0
DA:27,0
DA:29,0
DA:30,0
DA:31,0
DA:32,0
DA:33,0
DA:34,0
DA:35,0
DA:37,0
DA:41,0
DA:52,0
DA:65,0
DA:66,0
DA:67,0
DA:69,0
DA:70,0
DA:71,0
DA:72,0
DA:74,0
DA:82,0
DA:92,0
DA:125,0
DA:145,0
DA:146,0
DA:148,0
DA:149,0
DA:150,0
DA:151,0
DA:152,0
DA:159,0
DA:169,0
DA:183,0
DA:189,0
DA:197,0
DA:200,0
DA:201,0
DA:203,0
DA:204,0
DA:205,0
DA:206,0
DA:212,0
DA:216,0
DA:237,0
DA:254,0
DA:255,0
DA:257,0
DA:258,0
DA:259,0
DA:260,0
DA:261,0
DA:268,0
DA:278,0
DA:292,0
DA:319,0
DA:333,0
DA:334,0
DA:335,0
DA:337,0
DA:338,0
DA:339,0
DA:340,0
DA:341,0
DA:344,0
DA:351,0
DA:376,0
LF:72
LH:0
BRDA:3,0,0,0
BRDA:8,1,0,0
BRDA:8,1,1,0
BRDA:9,2,0,0
BRDA:9,2,1,0
BRDA:10,3,0,0
BRDA:10,3,1,0
BRDA:11,4,0,0
BRDA:11,4,1,0
BRDA:12,5,0,0
BRDA:12,5,1,0
BRDA:13,6,0,0
BRDA:13,6,1,0
BRDA:17,7,0,0
BRDA:24,8,0,0
BRDA:24,8,1,0
BRDA:24,9,0,0
BRDA:24,9,1,0
BRDA:25,10,0,0
BRDA:25,10,1,0
BRDA:25,11,0,0
BRDA:25,11,1,0
BRDA:26,12,0,0
BRDA:26,12,1,0
BRDA:27,13,0,0
BRDA:27,13,1,0
BRDA:27,14,0,0
BRDA:27,14,1,0
BRDA:29,15,0,0
BRDA:29,15,1,0
BRDA:30,16,0,0
BRDA:30,16,1,0
BRDA:31,17,0,0
BRDA:31,17,1,0
BRDA:32,18,0,0
BRDA:32,18,1,0
BRDA:33,19,0,0
BRDA:33,19,1,0
BRDA:34,20,0,0
BRDA:34,20,1,0
BRDA:35,21,0,0
BRDA:35,21,1,0
BRDA:35,22,0,0
BRDA:35,22,1,0
BRDA:43,23,0,0
BRDA:43,23,1,0
BRDA:44,24,0,0
BRDA:44,24,1,0
BRDA:47,25,0,0
BRDA:47,25,1,0
BRDA:47,25,2,0
BRDA:52,26,0,0
BRDA:52,26,1,0
BRDA:52,26,2,0
BRDA:52,26,3,0
BRDA:62,27,0,0
BRDA:63,28,0,0
BRDA:66,29,0,0
BRDA:66,29,1,0
BRDA:66,29,2,0
BRDA:69,30,0,0
BRDA:69,30,1,0
BRDA:129,31,0,0
BRDA:129,31,1,0
BRDA:139,32,0,0
BRDA:140,33,0,0
BRDA:148,34,0,0
BRDA:148,34,1,0
BRDA:183,35,0,0
BRDA:183,35,1,0
BRDA:189,36,0,0
BRDA:189,36,1,0
BRDA:200,37,0,0
BRDA:200,37,1,0
BRDA:200,38,0,0
BRDA:200,38,1,0
BRDA:203,39,0,0
BRDA:203,39,1,0
BRDA:241,40,0,0
BRDA:241,40,1,0
BRDA:250,41,0,0
BRDA:251,42,0,0
BRDA:257,43,0,0
BRDA:257,43,1,0
BRDA:310,44,0,0
BRDA:310,44,1,0
BRDA:323,45,0,0
BRDA:323,45,1,0
BRDA:330,46,0,0
BRDA:331,47,0,0
BRDA:334,48,0,0
BRDA:334,48,1,0
BRDA:337,49,0,0
BRDA:337,49,1,0
BRF:94
BRH:0
end_of_record
TN:
SF:src\utils\notifications.js
FN:1,createNotification
FN:25,createNotificationsForUsers
FN:27,(anonymous_2)
FN:34,(anonymous_3)
FN:52,listActiveAlumniUserIds
FN:54,(anonymous_5)
FN:66,(anonymous_6)
FNF:7
FNH:0
FNDA:0,createNotification
FNDA:0,createNotificationsForUsers
FNDA:0,(anonymous_2)
FNDA:0,(anonymous_3)
FNDA:0,listActiveAlumniUserIds
FNDA:0,(anonymous_5)
FNDA:0,(anonymous_6)
DA:2,0
DA:4,0
DA:5,0
DA:8,0
DA:26,0
DA:27,0
DA:29,0
DA:30,0
DA:33,0
DA:34,0
DA:53,0
DA:54,0
DA:55,0
DA:61,0
DA:62,0
DA:65,0
DA:66,0
LF:17
LH:0
BRDA:4,0,0,0
BRDA:4,0,1,0
BRDA:11,1,0,0
BRDA:11,1,1,0
BRDA:16,2,0,0
BRDA:16,2,1,0
BRDA:17,3,0,0
BRDA:17,3,1,0
BRDA:18,4,0,0
BRDA:18,4,1,0
BRDA:19,5,0,0
BRDA:19,5,1,0
BRDA:27,6,0,0
BRDA:27,6,1,0
BRDA:29,7,0,0
BRDA:29,7,1,0
BRDA:37,8,0,0
BRDA:37,8,1,0
BRDA:42,9,0,0
BRDA:42,9,1,0
BRDA:43,10,0,0
BRDA:43,10,1,0
BRDA:44,11,0,0
BRDA:44,11,1,0
BRDA:45,12,0,0
BRDA:45,12,1,0
BRDA:52,13,0,0
BRDA:61,14,0,0
BRDA:61,14,1,0
BRF:29
BRH:0
end_of_record
TN:
SF:src\utils\profileCompletion.js
FN:23,hasValue
FN:25,(anonymous_1)
FN:31,buildProfileCompletion
FN:41,(anonymous_3)
FN:42,(anonymous_4)
FN:54,buildProfilePrivacy
FNF:6
FNH:0
FNDA:0,hasValue
FNDA:0,(anonymous_1)
FNDA:0,buildProfileCompletion
FNDA:0,(anonymous_3)
FNDA:0,(anonymous_4)
FNDA:0,buildProfilePrivacy
DA:1,9
DA:12,9
DA:24,0
DA:25,0
DA:28,0
DA:32,0
DA:33,0
DA:34,0
DA:39,0
DA:40,0
DA:41,0
DA:42,0
DA:43,0
DA:44,0
DA:46,0
DA:55,0
LF:16
LH:2
BRDA:24,0,0,0
BRDA:24,0,1,0
BRDA:25,1,0,0
BRDA:25,1,1,0
BRDA:28,2,0,0
BRDA:28,2,1,0
BRDA:28,2,2,0
BRDA:31,3,0,0
BRDA:32,4,0,0
BRDA:32,4,1,0
BRDA:33,5,0,0
BRDA:33,5,1,0
BRDA:33,5,2,0
BRDA:35,6,0,0
BRDA:35,6,1,0
BRDA:35,7,0,0
BRDA:35,7,1,0
BRDA:36,8,0,0
BRDA:36,8,1,0
BRDA:36,8,2,0
BRDA:37,9,0,0
BRDA:37,9,1,0
BRDA:37,9,2,0
BRDA:39,10,0,0
BRDA:39,10,1,0
BRDA:44,11,0,0
BRDA:44,11,1,0
BRDA:54,12,0,0
BRDA:56,13,0,0
BRDA:56,13,1,0
BRF:30
BRH:0
end_of_record
TN:
SF:src\utils\runtime.js
FNF:0
FNH:0
DA:1,9
LF:1
LH:1
BRF:0
BRH:0
end_of_record
TN:
SF:src\utils\runtimeConfig.js
FN:1,parseAllowedOrigins
FN:8,(anonymous_1)
FN:12,getStorageMode
FN:20,hasSmtpRuntimeConfig
FNF:4
FNH:2
FNDA:9,parseAllowedOrigins
FNDA:9,(anonymous_1)
FNDA:0,getStorageMode
FNDA:0,hasSmtpRuntimeConfig
DA:2,9
DA:6,9
DA:8,9
DA:13,0
DA:14,0
DA:17,0
DA:21,0
LF:7
LH:3
BRDA:3,0,0,9
BRDA:3,0,1,0
BRDA:3,0,2,0
BRDA:3,0,3,0
BRDA:13,1,0,0
BRDA:13,1,1,0
BRDA:13,2,0,0
BRDA:13,2,1,0
BRDA:13,2,2,0
BRDA:14,3,0,0
BRDA:14,3,1,0
BRDA:14,4,0,0
BRDA:14,4,1,0
BRDA:21,5,0,0
BRDA:21,5,1,0
BRDA:21,5,2,0
BRF:16
BRH:1
end_of_record
TN:
SF:src\utils\softDeletePlugin.js
FN:1,softDeletePlugin
FN:15,(anonymous_1)
FN:32,(anonymous_2)
FNF:3
FNH:1
FNDA:72,softDeletePlugin
FNDA:0,(anonymous_1)
FNDA:0,(anonymous_2)
DA:2,72
DA:15,72
DA:17,0
DA:18,0
DA:19,0
DA:22,0
DA:23,0
DA:26,72
DA:27,72
DA:28,72
DA:29,72
DA:32,72
DA:33,0
DA:34,0
DA:35,0
LF:15
LH:7
BRDA:17,0,0,0
BRDA:17,0,1,0
BRF:2
BRH:0
end_of_record
TN:
SF:src\utils\tenantAdminData.js
FN:3,buildRecentActivityItems
FN:5,(anonymous_1)
FN:12,(anonymous_2)
FN:19,(anonymous_3)
FN:27,(anonymous_4)
FN:31,getInstituteTenantModels
FN:37,getInstituteTenantSummary
FN:84,(anonymous_7)
FN:103,(anonymous_8)
FN:104,(anonymous_9)
FN:105,(anonymous_10)
FN:111,getPlatformTenantSummaries
FN:113,(anonymous_12)
FNF:13
FNH:0
FNDA:0,buildRecentActivityItems
FNDA:0,(anonymous_1)
FNDA:0,(anonymous_2)
FNDA:0,(anonymous_3)
FNDA:0,(anonymous_4)
FNDA:0,getInstituteTenantModels
FNDA:0,getInstituteTenantSummary
FNDA:0,(anonymous_7)
FNDA:0,(anonymous_8)
FNDA:0,(anonymous_9)
FNDA:0,(anonymous_10)
FNDA:0,getPlatformTenantSummaries
FNDA:0,(anonymous_12)
DA:4,0
DA:5,0
DA:12,0
DA:19,0
DA:27,0
DA:32,0
DA:33,0
DA:34,0
DA:38,0
DA:39,0
DA:40,0
DA:41,0
DA:57,0
DA:83,0
DA:84,0
DA:88,0
DA:103,0
DA:104,0
DA:105,0
DA:112,0
DA:113,0
LF:21
LH:0
BRDA:16,0,0,0
BRDA:16,0,1,0
BRDA:16,0,2,0
BRDA:37,1,0,0
BRDA:38,2,0,0
BRDA:38,3,0,0
BRDA:58,4,0,0
BRDA:58,4,1,0
BRDA:71,5,0,0
BRDA:71,5,1,0
BRDA:74,6,0,0
BRDA:74,6,1,0
BRDA:77,7,0,0
BRDA:77,7,1,0
BRDA:84,8,0,0
BRDA:84,8,1,0
BRDA:107,9,0,0
BRDA:107,9,1,0
BRDA:111,10,0,0
BRF:19
BRH:0
end_of_record
TN:
SF:src\utils\tenantConfig.js
FN:1,getDefaultCommunityLabels
FN:17,getDefaultFeatureFlags
FN:49,getDefaultBranding
FN:69,buildTenantConfigSnapshot
FNF:4
FNH:0
FNDA:0,getDefaultCommunityLabels
FNDA:0,getDefaultFeatureFlags
FNDA:0,getDefaultBranding
FNDA:0,buildTenantConfigSnapshot
DA:2,0
DA:3,0
DA:10,0
DA:18,0
DA:19,0
DA:34,0
DA:50,0
DA:51,0
DA:60,0
DA:70,0
DA:71,0
DA:74,0
DA:75,0
DA:76,0
DA:77,0
DA:79,0
LF:16
LH:0
BRDA:1,0,0,0
BRDA:2,1,0,0
BRDA:2,1,1,0
BRDA:17,2,0,0
BRDA:18,3,0,0
BRDA:18,3,1,0
BRDA:49,4,0,0
BRDA:50,5,0,0
BRDA:50,5,1,0
BRDA:70,6,0,0
BRDA:70,6,1,0
BRDA:74,7,0,0
BRDA:74,7,1,0
BRDA:81,8,0,0
BRDA:81,8,1,0
BRDA:81,9,0,0
BRDA:81,9,1,0
BRDA:84,10,0,0
BRDA:84,10,1,0
BRDA:88,11,0,0
BRDA:88,11,1,0
BRDA:92,12,0,0
BRDA:92,12,1,0
BRF:23
BRH:0
end_of_record
TN:
SF:src\utils\validation.js
FN:1,isNonEmptyString
FN:5,isEmail
FN:9,isObjectIdLike
FN:13,isPositiveYear
FN:18,hasMinLength
FN:22,hasMaxLength
FN:26,isStrongPassword
FN:54,isUrl
FN:67,isPhoneNumber
FN:78,isDate
FN:85,isFutureDate
FN:93,isPastDate
FN:101,isNumber
FN:105,isPositiveNumber
FN:109,isNonNegativeNumber
FN:113,isInteger
FN:117,isInRange
FN:121,isAlphaNumeric
FN:125,sanitizeInput
FNF:19
FNH:0
FNDA:0,isNonEmptyString
FNDA:0,isEmail
FNDA:0,isObjectIdLike
FNDA:0,isPositiveYear
FNDA:0,hasMinLength
FNDA:0,hasMaxLength
FNDA:0,isStrongPassword
FNDA:0,isUrl
FNDA:0,isPhoneNumber
FNDA:0,isDate
FNDA:0,isFutureDate
FNDA:0,isPastDate
FNDA:0,isNumber
FNDA:0,isPositiveNumber
FNDA:0,isNonNegativeNumber
FNDA:0,isInteger
FNDA:0,isInRange
FNDA:0,isAlphaNumeric
FNDA:0,sanitizeInput
DA:2,0
DA:6,0
DA:10,0
DA:14,0
DA:15,0
DA:19,0
DA:23,0
DA:27,0
DA:28,0
DA:32,0
DA:33,0
DA:37,0
DA:38,0
DA:42,0
DA:43,0
DA:47,0
DA:48,0
DA:51,0
DA:55,0
DA:56,0
DA:59,0
DA:60,0
DA:61,0
DA:63,0
DA:68,0
DA:69,0
DA:73,0
DA:74,0
DA:75,0
DA:79,0
DA:81,0
DA:82,0
DA:86,0
DA:88,0
DA:89,0
DA:90,0
DA:94,0
DA:96,0
DA:97,0
DA:98,0
DA:102,0
DA:106,0
DA:110,0
DA:114,0
DA:118,0
DA:122,0
DA:126,0
DA:129,0
LF:48
LH:0
BRDA:2,0,0,0
BRDA:2,0,1,0
BRDA:6,1,0,0
BRDA:6,1,1,0
BRDA:10,2,0,0
BRDA:10,2,1,0
BRDA:15,3,0,0
BRDA:15,3,1,0
BRDA:15,3,2,0
BRDA:19,4,0,0
BRDA:19,4,1,0
BRDA:23,5,0,0
BRDA:23,5,1,0
BRDA:27,6,0,0
BRDA:27,6,1,0
BRDA:27,7,0,0
BRDA:27,7,1,0
BRDA:32,8,0,0
BRDA:32,8,1,0
BRDA:37,9,0,0
BRDA:37,9,1,0
BRDA:42,10,0,0
BRDA:42,10,1,0
BRDA:47,11,0,0
BRDA:47,11,1,0
BRDA:55,12,0,0
BRDA:55,12,1,0
BRDA:61,13,0,0
BRDA:61,13,1,0
BRDA:68,14,0,0
BRDA:68,14,1,0
BRDA:75,15,0,0
BRDA:75,15,1,0
BRDA:79,16,0,0
BRDA:79,16,1,0
BRDA:86,17,0,0
BRDA:86,17,1,0
BRDA:94,18,0,0
BRDA:94,18,1,0
BRDA:102,19,0,0
BRDA:102,19,1,0
BRDA:106,20,0,0
BRDA:106,20,1,0
BRDA:110,21,0,0
BRDA:110,21,1,0
BRDA:114,22,0,0
BRDA:114,22,1,0
BRDA:118,23,0,0
BRDA:118,23,1,0
BRDA:118,23,2,0
BRDA:122,24,0,0
BRDA:122,24,1,0
BRDA:126,25,0,0
BRDA:126,25,1,0
BRF:54
BRH:0
end_of_record
